::1 - - [05/Mar/2021:18:20:46 +0000] "POST /auth/signup HTTP/1.1" 422 297 "-" "PostmanRuntime/7.26.8"
::1 - - [05/Mar/2021:18:23:37 +0000] "POST /auth/signup HTTP/1.1" 201 27 "-" "PostmanRuntime/7.26.8"
::1 - - [05/Mar/2021:18:25:52 +0000] "POST /auth/signup HTTP/1.1" 201 27 "-" "PostmanRuntime/7.26.8"
::1 - - [05/Mar/2021:18:27:04 +0000] "POST /auth/signup HTTP/1.1" 201 27 "-" "PostmanRuntime/7.26.8"
::1 - - [05/Mar/2021:18:27:48 +0000] "POST /auth/signup HTTP/1.1" 422 149 "-" "PostmanRuntime/7.26.8"
::1 - - [05/Mar/2021:18:28:08 +0000] "POST /auth/signup HTTP/1.1" 201 27 "-" "PostmanRuntime/7.26.8"
::1 - - [05/Mar/2021:18:29:40 +0000] "POST /auth/login HTTP/1.1" 200 268 "-" "PostmanRuntime/7.26.8"
::1 - - [06/Mar/2021:07:04:20 +0000] "POST /auth/recipe/create HTTP/1.1" 400 56 "-" "PostmanRuntime/7.26.8"
::1 - - [06/Mar/2021:07:05:05 +0000] "POST /auth/recipe/create HTTP/1.1" 404 158 "-" "PostmanRuntime/7.26.8"
::1 - - [06/Mar/2021:07:05:59 +0000] "POST /recipe/create HTTP/1.1" 401 32 "-" "PostmanRuntime/7.26.8"
::1 - - [06/Mar/2021:07:06:03 +0000] "POST /auth/login HTTP/1.1" 200 268 "-" "PostmanRuntime/7.26.8"
::1 - - [06/Mar/2021:07:06:30 +0000] "POST /recipe/create HTTP/1.1" 201 29 "-" "PostmanRuntime/7.26.8"
::1 - - [06/Mar/2021:07:08:21 +0000] "POST /recipe/create HTTP/1.1" 201 67 "-" "PostmanRuntime/7.26.8"
::1 - - [06/Mar/2021:07:09:31 +0000] "POST /recipe/create HTTP/1.1" 201 67 "-" "PostmanRuntime/7.26.8"
::1 - - [06/Mar/2021:07:12:42 +0000] "POST /recipe/create HTTP/1.1" 201 67 "-" "PostmanRuntime/7.26.8"
::1 - - [06/Mar/2021:07:15:09 +0000] "POST /recipe/create HTTP/1.1" 201 67 "-" "PostmanRuntime/7.26.8"
::1 - - [06/Mar/2021:07:34:29 +0000] "GET /user/details?userId=604278386826e60792677ca0 HTTP/1.1" 200 50 "-" "PostmanRuntime/7.26.8"
::1 - - [06/Mar/2021:07:35:22 +0000] "GET /user/details?userId=604278386826e60792677ca0 HTTP/1.1" 200 50 "-" "PostmanRuntime/7.26.8"
::1 - - [06/Mar/2021:07:36:12 +0000] "GET /user/details?userId=604278386826e60792677ca0 HTTP/1.1" 200 50 "-" "PostmanRuntime/7.26.8"
::1 - - [06/Mar/2021:07:38:47 +0000] "GET /user/details?userId=604278386826e60792677ca0 HTTP/1.1" 200 339 "-" "PostmanRuntime/7.26.8"
::1 - - [06/Mar/2021:07:39:06 +0000] "GET /user/details?userId=604278386826e60792677ca0 HTTP/1.1" 200 337 "-" "PostmanRuntime/7.26.8"
::1 - - [06/Mar/2021:07:39:38 +0000] "GET /user/details?userId=604278386826e60792677ca0 HTTP/1.1" 200 337 "-" "PostmanRuntime/7.26.8"
::1 - - [06/Mar/2021:07:39:41 +0000] "GET /user/details?userId=604278386826e60792677ca0 HTTP/1.1" 200 337 "-" "PostmanRuntime/7.26.8"
::1 - - [06/Mar/2021:07:39:59 +0000] "GET /user/details?userId=604278386826e60792677ca0 HTTP/1.1" 200 337 "-" "PostmanRuntime/7.26.8"
::1 - - [06/Mar/2021:07:41:34 +0000] "GET /user/details?userId=604278386826e60792677ca0 HTTP/1.1" 200 337 "-" "PostmanRuntime/7.26.8"
::1 - - [06/Mar/2021:07:41:38 +0000] "GET /user/details?userId=604278386826e60792677ca0 HTTP/1.1" 200 337 "-" "PostmanRuntime/7.26.8"
::1 - - [06/Mar/2021:07:42:00 +0000] "GET /user/details?userId=604278386826e60792677ca0 HTTP/1.1" 200 337 "-" "PostmanRuntime/7.26.8"
::1 - - [06/Mar/2021:07:44:46 +0000] "GET /user/details?userId=604278386826e60792677ca0 HTTP/1.1" 500 34 "-" "PostmanRuntime/7.26.8"
::1 - - [06/Mar/2021:07:45:06 +0000] "GET /user/details?userId=604278386826e60792677ca0 HTTP/1.1" 500 360 "-" "PostmanRuntime/7.26.8"
::1 - - [06/Mar/2021:07:46:08 +0000] "GET /user/details?userId=604278386826e60792677ca0 HTTP/1.1" 200 337 "-" "PostmanRuntime/7.26.8"
::1 - - [06/Mar/2021:07:46:57 +0000] "GET /user/details?userId=604278386826e60792677ca0 HTTP/1.1" 200 337 "-" "PostmanRuntime/7.26.8"
::1 - - [06/Mar/2021:07:47:36 +0000] "GET /user/details?userId=604278386826e60792677ca0 HTTP/1.1" 200 337 "-" "PostmanRuntime/7.26.8"
::1 - - [06/Mar/2021:07:49:04 +0000] "GET /user/details?userId=604278386826e60792677ca0 HTTP/1.1" 200 337 "-" "PostmanRuntime/7.26.8"
::1 - - [06/Mar/2021:07:49:07 +0000] "GET /user/details?userId=604278386826e60792677ca0 HTTP/1.1" 200 337 "-" "PostmanRuntime/7.26.8"
::1 - - [06/Mar/2021:07:50:24 +0000] "GET /user/details?userId=604278386826e60792677ca0 HTTP/1.1" 200 337 "-" "PostmanRuntime/7.26.8"
::1 - - [06/Mar/2021:07:51:43 +0000] "GET /user/details?userId=604278386826e60792677ca0 HTTP/1.1" 200 337 "-" "PostmanRuntime/7.26.8"
::1 - - [06/Mar/2021:07:52:44 +0000] "GET /user/details?userId=604278386826e60792677ca0 HTTP/1.1" 200 337 "-" "PostmanRuntime/7.26.8"
::1 - - [06/Mar/2021:07:52:46 +0000] "GET /user/details?userId=604278386826e60792677ca0 HTTP/1.1" 200 337 "-" "PostmanRuntime/7.26.8"
::1 - - [06/Mar/2021:07:53:07 +0000] "GET /user/details?userId=604278386826e60792677ca0 HTTP/1.1" 200 337 "-" "PostmanRuntime/7.26.8"
::1 - - [06/Mar/2021:07:55:26 +0000] "GET /user/details?userId=604278386826e60792677ca0 HTTP/1.1" 200 279 "-" "PostmanRuntime/7.26.8"
::1 - - [06/Mar/2021:07:55:50 +0000] "GET /user/details?userId=604278386826e60792677ca0 HTTP/1.1" 200 263 "-" "PostmanRuntime/7.26.8"
::1 - - [06/Mar/2021:07:58:08 +0000] "POST /recipe/create HTTP/1.1" 201 67 "-" "PostmanRuntime/7.26.8"
::1 - - [06/Mar/2021:07:59:27 +0000] "POST /recipe/create HTTP/1.1" 201 67 "-" "PostmanRuntime/7.26.8"
::1 - - [06/Mar/2021:08:02:05 +0000] "POST /recipe/create HTTP/1.1" 201 67 "-" "PostmanRuntime/7.26.8"
::1 - - [06/Mar/2021:08:03:31 +0000] "POST /recipe/create HTTP/1.1" 201 67 "-" "PostmanRuntime/7.26.8"
::1 - - [06/Mar/2021:08:04:29 +0000] "POST /recipe/create HTTP/1.1" 201 67 "-" "PostmanRuntime/7.26.8"
::1 - - [06/Mar/2021:08:07:24 +0000] "POST /recipe/create HTTP/1.1" 500 75 "-" "PostmanRuntime/7.26.8"
::1 - - [06/Mar/2021:08:07:58 +0000] "POST /recipe/create HTTP/1.1" 201 67 "-" "PostmanRuntime/7.26.8"
::1 - - [06/Mar/2021:08:09:36 +0000] "POST /recipe/create HTTP/1.1" 201 67 "-" "PostmanRuntime/7.26.8"
::1 - - [06/Mar/2021:08:18:26 +0000] "POST /recipe/create HTTP/1.1" 500 71 "-" "PostmanRuntime/7.26.8"
::1 - - [06/Mar/2021:08:19:28 +0000] "POST /recipe/create HTTP/1.1" 201 67 "-" "PostmanRuntime/7.26.8"
::1 - - [06/Mar/2021:08:20:31 +0000] "POST /recipe/create HTTP/1.1" 500 71 "-" "PostmanRuntime/7.26.8"
::1 - - [06/Mar/2021:08:21:11 +0000] "POST /recipe/create HTTP/1.1" 201 67 "-" "PostmanRuntime/7.26.8"
::1 - - [06/Mar/2021:08:28:04 +0000] "POST /recipe/create HTTP/1.1" 500 79 "-" "PostmanRuntime/7.26.8"
::1 - - [06/Mar/2021:08:28:57 +0000] "POST /recipe/create HTTP/1.1" 201 67 "-" "PostmanRuntime/7.26.8"
::1 - - [06/Mar/2021:08:31:08 +0000] "POST /recipe/create HTTP/1.1" 201 67 "-" "PostmanRuntime/7.26.8"
::1 - - [06/Mar/2021:08:43:25 +0000] "POST /recipe/create HTTP/1.1" 201 67 "-" "PostmanRuntime/7.26.8"
::1 - - [06/Mar/2021:10:53:50 +0000] "POST /recipe/create HTTP/1.1" 201 67 "-" "PostmanRuntime/7.26.8"
::1 - - [06/Mar/2021:10:57:20 +0000] "POST /recipe/create HTTP/1.1" 201 67 "-" "PostmanRuntime/7.26.8"
::1 - - [06/Mar/2021:10:58:03 +0000] "POST /recipe/create HTTP/1.1" 201 67 "-" "PostmanRuntime/7.26.8"
::1 - - [06/Mar/2021:10:59:55 +0000] "POST /recipe/create HTTP/1.1" 201 67 "-" "PostmanRuntime/7.26.8"
::1 - - [06/Mar/2021:11:00:02 +0000] "POST /recipe/create HTTP/1.1" 201 67 "-" "PostmanRuntime/7.26.8"
::1 - - [06/Mar/2021:11:00:03 +0000] "POST /recipe/create HTTP/1.1" 201 67 "-" "PostmanRuntime/7.26.8"
::1 - - [06/Mar/2021:11:00:04 +0000] "POST /recipe/create HTTP/1.1" 201 67 "-" "PostmanRuntime/7.26.8"
::1 - - [06/Mar/2021:11:00:05 +0000] "POST /recipe/create HTTP/1.1" 201 67 "-" "PostmanRuntime/7.26.8"
::1 - - [06/Mar/2021:11:00:10 +0000] "POST /recipe/create HTTP/1.1" 201 67 "-" "PostmanRuntime/7.26.8"
::1 - - [06/Mar/2021:11:00:10 +0000] "POST /recipe/create HTTP/1.1" 201 67 "-" "PostmanRuntime/7.26.8"
::1 - - [06/Mar/2021:11:00:14 +0000] "POST /recipe/create HTTP/1.1" 201 67 "-" "PostmanRuntime/7.26.8"
::1 - - [06/Mar/2021:11:00:19 +0000] "POST /recipe/create HTTP/1.1" 201 67 "-" "PostmanRuntime/7.26.8"
::1 - - [06/Mar/2021:11:00:23 +0000] "POST /recipe/create HTTP/1.1" 201 67 "-" "PostmanRuntime/7.26.8"
::1 - - [06/Mar/2021:11:00:26 +0000] "POST /recipe/create HTTP/1.1" 201 67 "-" "PostmanRuntime/7.26.8"
::1 - - [06/Mar/2021:11:00:30 +0000] "POST /recipe/create HTTP/1.1" 201 67 "-" "PostmanRuntime/7.26.8"
::1 - - [06/Mar/2021:11:00:38 +0000] "POST /recipe/create HTTP/1.1" 201 67 "-" "PostmanRuntime/7.26.8"
::1 - - [06/Mar/2021:11:05:37 +0000] "POST /recipe/list HTTP/1.1" 404 151 "-" "PostmanRuntime/7.26.8"
::1 - - [06/Mar/2021:11:06:25 +0000] "POST /recipe/list HTTP/1.1" 401 32 "-" "PostmanRuntime/7.26.8"
::1 - - [06/Mar/2021:11:16:54 +0000] "POST /recipe/list HTTP/1.1" 500 152 "-" "PostmanRuntime/7.26.8"
::1 - - [06/Mar/2021:11:17:58 +0000] "POST /recipe/list HTTP/1.1" 500 60 "-" "PostmanRuntime/7.26.8"
::1 - - [06/Mar/2021:11:18:54 +0000] "POST /recipe/list HTTP/1.1" 500 55 "-" "PostmanRuntime/7.26.8"
::1 - - [06/Mar/2021:11:19:07 +0000] "POST /recipe/list HTTP/1.1" 500 55 "-" "PostmanRuntime/7.26.8"
::1 - - [06/Mar/2021:11:19:15 +0000] "POST /recipe/list HTTP/1.1" 500 35 "-" "PostmanRuntime/7.26.8"
::1 - - [06/Mar/2021:11:19:49 +0000] "POST /recipe/list HTTP/1.1" 200 57 "-" "PostmanRuntime/7.26.8"
::1 - - [06/Mar/2021:11:20:06 +0000] "POST /recipe/list HTTP/1.1" 200 57 "-" "PostmanRuntime/7.26.8"
::1 - - [06/Mar/2021:11:21:08 +0000] "POST /recipe/create HTTP/1.1" 201 67 "-" "PostmanRuntime/7.26.8"
::1 - - [06/Mar/2021:11:21:11 +0000] "POST /recipe/list HTTP/1.1" 200 57 "-" "PostmanRuntime/7.26.8"
::1 - - [06/Mar/2021:11:22:00 +0000] "POST /recipe/list HTTP/1.1" 200 57 "-" "PostmanRuntime/7.26.8"
::1 - - [06/Mar/2021:11:22:13 +0000] "POST /recipe/list HTTP/1.1" 200 57 "-" "PostmanRuntime/7.26.8"
::1 - - [06/Mar/2021:11:22:53 +0000] "POST /recipe/list HTTP/1.1" 200 57 "-" "PostmanRuntime/7.26.8"
::1 - - [06/Mar/2021:11:23:14 +0000] "POST /recipe/list HTTP/1.1" 200 686 "-" "PostmanRuntime/7.26.8"
::1 - - [06/Mar/2021:11:23:27 +0000] "POST /recipe/list HTTP/1.1" 200 - "-" "PostmanRuntime/7.26.8"
::1 - - [06/Mar/2021:11:26:05 +0000] "POST /recipe/list HTTP/1.1" 200 - "-" "PostmanRuntime/7.26.8"
::1 - - [06/Mar/2021:11:26:42 +0000] "POST /recipe/list HTTP/1.1" 200 - "-" "PostmanRuntime/7.26.8"
::1 - - [06/Mar/2021:11:27:19 +0000] "POST /recipe/list HTTP/1.1" 200 - "-" "PostmanRuntime/7.26.8"
::1 - - [06/Mar/2021:11:27:51 +0000] "POST /recipe/list HTTP/1.1" 200 - "-" "PostmanRuntime/7.26.8"
::1 - - [06/Mar/2021:11:28:02 +0000] "POST /recipe/list HTTP/1.1" 200 - "-" "PostmanRuntime/7.26.8"
::1 - - [06/Mar/2021:11:28:16 +0000] "POST /recipe/list HTTP/1.1" 200 57 "-" "PostmanRuntime/7.26.8"
::1 - - [06/Mar/2021:11:28:20 +0000] "POST /recipe/list HTTP/1.1" 200 - "-" "PostmanRuntime/7.26.8"
::1 - - [06/Mar/2021:11:28:40 +0000] "POST /recipe/list HTTP/1.1" 200 57 "-" "PostmanRuntime/7.26.8"
::1 - - [06/Mar/2021:11:28:48 +0000] "POST /recipe/create HTTP/1.1" 201 67 "-" "PostmanRuntime/7.26.8"
::1 - - [06/Mar/2021:11:28:50 +0000] "POST /recipe/list HTTP/1.1" 200 697 "-" "PostmanRuntime/7.26.8"
::1 - - [06/Mar/2021:11:31:24 +0000] "POST /recipe/list HTTP/1.1" 500 116 "-" "PostmanRuntime/7.26.8"
::1 - - [06/Mar/2021:11:32:07 +0000] "POST /recipe/list HTTP/1.1" 200 697 "-" "PostmanRuntime/7.26.8"
::1 - - [06/Mar/2021:11:32:34 +0000] "POST /recipe/list HTTP/1.1" - - "-" "PostmanRuntime/7.26.8"
::1 - - [06/Mar/2021:11:33:32 +0000] "POST /recipe/list HTTP/1.1" 200 - "-" "PostmanRuntime/7.26.8"
::1 - - [06/Mar/2021:11:33:38 +0000] "POST /recipe/list HTTP/1.1" 200 - "-" "PostmanRuntime/7.26.8"
::1 - - [06/Mar/2021:11:33:52 +0000] "POST /recipe/list HTTP/1.1" 200 697 "-" "PostmanRuntime/7.26.8"
::1 - - [06/Mar/2021:11:34:10 +0000] "POST /recipe/list HTTP/1.1" 200 697 "-" "PostmanRuntime/7.26.8"
::1 - - [06/Mar/2021:11:34:17 +0000] "POST /recipe/list HTTP/1.1" 200 - "-" "PostmanRuntime/7.26.8"
::1 - - [06/Mar/2021:11:34:24 +0000] "POST /recipe/list HTTP/1.1" 200 - "-" "PostmanRuntime/7.26.8"
::1 - - [06/Mar/2021:11:34:37 +0000] "POST /recipe/list HTTP/1.1" 200 - "-" "PostmanRuntime/7.26.8"
::1 - - [06/Mar/2021:17:38:04 +0000] "POST /recipe/list HTTP/1.1" 200 - "-" "PostmanRuntime/7.26.8"
::1 - - [06/Mar/2021:17:43:50 +0000] "POST /comment/add?recipeId=6043603bbc9112087f62ded4 HTTP/1.1" 401 32 "-" "PostmanRuntime/7.26.8"
::1 - - [06/Mar/2021:17:43:54 +0000] "POST /auth/login HTTP/1.1" 200 268 "-" "PostmanRuntime/7.26.8"
::1 - - [06/Mar/2021:17:44:15 +0000] "POST /comment/add?recipeId=6043603bbc9112087f62ded4 HTTP/1.1" 200 974 "-" "PostmanRuntime/7.26.8"
::1 - - [06/Mar/2021:17:48:41 +0000] "POST /comment/add?recipeId=6043603bbc9112087f62ded4 HTTP/1.1" 200 118 "-" "PostmanRuntime/7.26.8"
::1 - - [06/Mar/2021:17:50:01 +0000] "GET /comment/details?commentId=6043c0797e22b60ae2bdcbfa HTTP/1.1" 401 32 "-" "PostmanRuntime/7.26.8"
::1 - - [06/Mar/2021:17:50:18 +0000] "GET /comment/details?commentId=6043c0797e22b60ae2bdcbfa HTTP/1.1" 200 301 "-" "PostmanRuntime/7.26.8"
::1 - - [06/Mar/2021:17:51:07 +0000] "GET /comment/details?commentId=6043c0797e22b60ae2bdcbfa HTTP/1.1" 200 315 "-" "PostmanRuntime/7.26.8"
::1 - - [06/Mar/2021:18:56:23 +0000] "POST /comment/toggleUbuntu?commentId=6043c0797e22b60ae2bdcbfa HTTP/1.1" 400 55 "-" "PostmanRuntime/7.26.8"
::1 - - [06/Mar/2021:18:56:54 +0000] "POST /comment/toggleUbuntu?commentId=6043c0797e22b60ae2bdcbfa HTTP/1.1" 404 160 "-" "PostmanRuntime/7.26.8"
::1 - - [06/Mar/2021:18:57:32 +0000] "POST /recipe/toggleUbuntu?commentId=6043c0797e22b60ae2bdcbfa HTTP/1.1" 401 32 "-" "PostmanRuntime/7.26.8"
::1 - - [06/Mar/2021:18:57:46 +0000] "POST /recipe/toggleUbuntu?commentId=6043c0797e22b60ae2bdcbfa HTTP/1.1" 500 41 "-" "PostmanRuntime/7.26.8"
::1 - - [06/Mar/2021:18:58:47 +0000] "POST /recipe/toggleUbuntu?recipeId=6043603bbc9112087f62ded4 HTTP/1.1" 500 40 "-" "PostmanRuntime/7.26.8"
::1 - - [06/Mar/2021:18:59:35 +0000] "POST /recipe/toggleUbuntu?recipeId=6043603bbc9112087f62ded4 HTTP/1.1" 500 36 "-" "PostmanRuntime/7.26.8"
::1 - - [06/Mar/2021:19:00:09 +0000] "POST /recipe/toggleUbuntu?recipeId=6043603bbc9112087f62ded4 HTTP/1.1" 200 66 "-" "PostmanRuntime/7.26.8"
::1 - - [06/Mar/2021:19:00:13 +0000] "POST /recipe/toggleUbuntu?recipeId=6043603bbc9112087f62ded4 HTTP/1.1" 200 66 "-" "PostmanRuntime/7.26.8"
::1 - - [06/Mar/2021:19:01:13 +0000] "POST /recipe/toggleUbuntu?recipeId=6043603bbc9112087f62ded4 HTTP/1.1" 200 66 "-" "PostmanRuntime/7.26.8"
::1 - - [06/Mar/2021:19:04:35 +0000] "POST /recipe/toggleUbuntu?recipeId=6043603bbc9112087f62ded4 HTTP/1.1" 200 66 "-" "PostmanRuntime/7.26.8"
::1 - - [06/Mar/2021:19:06:41 +0000] "POST /recipe/toggleUbuntu?recipeId=604360ab505e0c08881a5591 HTTP/1.1" 200 66 "-" "PostmanRuntime/7.26.8"
::1 - - [06/Mar/2021:19:07:18 +0000] "POST /recipe/toggleUbuntu?recipeId=604360ab505e0c08881a5591 HTTP/1.1" 200 66 "-" "PostmanRuntime/7.26.8"
::1 - - [06/Mar/2021:19:09:04 +0000] "POST /recipe/toggleUbuntu?recipeId=604360ab505e0c08881a5591 HTTP/1.1" 200 66 "-" "PostmanRuntime/7.26.8"
::1 - - [06/Mar/2021:19:09:06 +0000] "POST /recipe/toggleUbuntu?recipeId=604360ab505e0c08881a5591 HTTP/1.1" 200 66 "-" "PostmanRuntime/7.26.8"
::1 - - [06/Mar/2021:19:09:33 +0000] "POST /recipe/toggleUbuntu?recipeId=604360ab505e0c08881a5591 HTTP/1.1" 200 76 "-" "PostmanRuntime/7.26.8"
::1 - - [06/Mar/2021:19:12:19 +0000] "POST /recipe/toggleUbuntu?recipeId=604360ab505e0c08881a5591 HTTP/1.1" 200 76 "-" "PostmanRuntime/7.26.8"
::1 - - [06/Mar/2021:19:13:48 +0000] "POST /recipe/toggleUbuntu?recipeId=604360ab505e0c08881a5591 HTTP/1.1" 200 289 "-" "PostmanRuntime/7.26.8"
::1 - - [06/Mar/2021:19:18:47 +0000] "POST /recipe/list HTTP/1.1" 200 - "-" "PostmanRuntime/7.26.8"
::1 - - [06/Mar/2021:19:19:19 +0000] "POST /recipe/list HTTP/1.1" 200 - "-" "PostmanRuntime/7.26.8"
::1 - - [06/Mar/2021:19:19:46 +0000] "POST /comment/add?recipeId=604360b2505e0c08881a5592 HTTP/1.1" 200 118 "-" "PostmanRuntime/7.26.8"
::1 - - [06/Mar/2021:19:20:09 +0000] "POST /recipe/toggleUbuntu?recipeId=604360b2505e0c08881a5592 HTTP/1.1" 200 289 "-" "PostmanRuntime/7.26.8"
::1 - - [06/Mar/2021:19:20:39 +0000] "POST /recipe/toggleUbuntu?recipeId=604360b2505e0c08881a5592 HTTP/1.1" 200 289 "-" "PostmanRuntime/7.26.8"
::1 - - [06/Mar/2021:19:23:31 +0000] "POST /recipe/toggleUbuntu?recipeId=604360b2505e0c08881a5592 HTTP/1.1" 200 287 "-" "PostmanRuntime/7.26.8"
::1 - - [06/Mar/2021:19:23:34 +0000] "POST /recipe/toggleUbuntu?recipeId=604360b2505e0c08881a5592 HTTP/1.1" 200 287 "-" "PostmanRuntime/7.26.8"
::1 - - [06/Mar/2021:19:26:25 +0000] "POST /recipe/toggleUbuntu?recipeId=604360b2505e0c08881a5592 HTTP/1.1" 200 287 "-" "PostmanRuntime/7.26.8"
::1 - - [06/Mar/2021:19:26:28 +0000] "POST /recipe/toggleUbuntu?recipeId=604360b2505e0c08881a5592 HTTP/1.1" 200 289 "-" "PostmanRuntime/7.26.8"
::1 - - [06/Mar/2021:19:26:29 +0000] "POST /recipe/toggleUbuntu?recipeId=604360b2505e0c08881a5592 HTTP/1.1" 200 287 "-" "PostmanRuntime/7.26.8"
::1 - - [06/Mar/2021:19:26:30 +0000] "POST /recipe/toggleUbuntu?recipeId=604360b2505e0c08881a5592 HTTP/1.1" 200 289 "-" "PostmanRuntime/7.26.8"
::1 - - [06/Mar/2021:19:26:58 +0000] "POST /recipe/list HTTP/1.1" 200 - "-" "PostmanRuntime/7.26.8"
::1 - - [06/Mar/2021:19:27:14 +0000] "POST /recipe/toggleUbuntu?recipeId=604360b3505e0c08881a5593 HTTP/1.1" 200 287 "-" "PostmanRuntime/7.26.8"
::1 - - [06/Mar/2021:19:27:32 +0000] "POST /recipe/toggleUbuntu?recipeId=604360b3505e0c08881a5593 HTTP/1.1" 200 289 "-" "PostmanRuntime/7.26.8"
::1 - - [06/Mar/2021:19:28:15 +0000] "POST /recipe/toggleUbuntu?recipeId=604360b3505e0c08881a5593 HTTP/1.1" 200 64 "-" "PostmanRuntime/7.26.8"
::1 - - [06/Mar/2021:19:28:18 +0000] "POST /recipe/toggleUbuntu?recipeId=604360b3505e0c08881a5593 HTTP/1.1" 200 66 "-" "PostmanRuntime/7.26.8"
::1 - - [06/Mar/2021:19:31:28 +0000] "POST /recipe/toggleUbuntu?recipeId=604360b3505e0c08881a5593 HTTP/1.1" 200 64 "-" "PostmanRuntime/7.26.8"
::1 - - [06/Mar/2021:19:32:56 +0000] "POST /recipe/toggleUbuntu?recipeId=604360b3505e0c08881a5593 HTTP/1.1" 200 66 "-" "PostmanRuntime/7.26.8"
::1 - - [06/Mar/2021:19:33:01 +0000] "POST /recipe/toggleUbuntu?recipeId=604360b3505e0c08881a5593 HTTP/1.1" 200 64 "-" "PostmanRuntime/7.26.8"
::1 - - [06/Mar/2021:19:33:06 +0000] "POST /recipe/toggleUbuntu?recipeId=604360b3505e0c08881a5593 HTTP/1.1" 200 66 "-" "PostmanRuntime/7.26.8"
::1 - - [06/Mar/2021:19:33:07 +0000] "POST /recipe/toggleUbuntu?recipeId=604360b3505e0c08881a5593 HTTP/1.1" 200 64 "-" "PostmanRuntime/7.26.8"
::1 - - [06/Mar/2021:19:33:13 +0000] "POST /recipe/toggleUbuntu?recipeId=604360b3505e0c08881a5593 HTTP/1.1" 200 64 "-" "PostmanRuntime/7.26.8"
::1 - - [06/Mar/2021:19:33:17 +0000] "POST /recipe/toggleUbuntu?recipeId=604360b3505e0c08881a5593 HTTP/1.1" 200 66 "-" "PostmanRuntime/7.26.8"
::1 - - [06/Mar/2021:19:33:18 +0000] "POST /recipe/toggleUbuntu?recipeId=604360b3505e0c08881a5593 HTTP/1.1" 200 64 "-" "PostmanRuntime/7.26.8"
::1 - - [06/Mar/2021:19:33:27 +0000] "POST /recipe/toggleUbuntu?recipeId=604360b3505e0c08881a5593 HTTP/1.1" 200 64 "-" "PostmanRuntime/7.26.8"
::1 - - [06/Mar/2021:19:33:29 +0000] "POST /recipe/toggleUbuntu?recipeId=604360b3505e0c08881a5593 HTTP/1.1" 200 66 "-" "PostmanRuntime/7.26.8"
::1 - - [06/Mar/2021:19:33:30 +0000] "POST /recipe/toggleUbuntu?recipeId=604360b3505e0c08881a5593 HTTP/1.1" 200 64 "-" "PostmanRuntime/7.26.8"
::1 - - [07/Mar/2021:06:14:32 +0000] "POST /auth/login HTTP/1.1" 200 268 "-" "PostmanRuntime/7.26.8"
::1 - - [07/Mar/2021:06:14:52 +0000] "POST /comment/addReaction HTTP/1.1" 500 61 "-" "PostmanRuntime/7.26.8"
::1 - - [07/Mar/2021:06:16:24 +0000] "POST /recipe/list HTTP/1.1" 200 - "-" "PostmanRuntime/7.26.8"
::1 - - [07/Mar/2021:06:16:57 +0000] "GET /comment/list?recipeId=604360b2505e0c08881a5592 HTTP/1.1" 500 116 "-" "PostmanRuntime/7.26.8"
::1 - - [07/Mar/2021:06:17:11 +0000] "POST /recipe/list HTTP/1.1" 200 - "-" "PostmanRuntime/7.26.8"
::1 - - [07/Mar/2021:06:17:19 +0000] "GET /comment/list?recipeId=604360b2505e0c08881a5592 HTTP/1.1" 500 116 "-" "PostmanRuntime/7.26.8"
::1 - - [07/Mar/2021:06:18:09 +0000] "GET /comment/list?recipeId=604360b2505e0c08881a5592 HTTP/1.1" 500 116 "-" "PostmanRuntime/7.26.8"
::1 - - [07/Mar/2021:06:19:29 +0000] "GET /comment/list?recipeId=604360b2505e0c08881a5592 HTTP/1.1" 200 57 "-" "PostmanRuntime/7.26.8"
::1 - - [07/Mar/2021:06:19:48 +0000] "POST /comment/add?recipeId=604360b2505e0c08881a5592 HTTP/1.1" 200 118 "-" "PostmanRuntime/7.26.8"
::1 - - [07/Mar/2021:06:19:50 +0000] "POST /comment/add?recipeId=604360b2505e0c08881a5592 HTTP/1.1" 200 118 "-" "PostmanRuntime/7.26.8"
::1 - - [07/Mar/2021:06:19:53 +0000] "GET /comment/list?recipeId=604360b2505e0c08881a5592 HTTP/1.1" 200 650 "-" "PostmanRuntime/7.26.8"
::1 - - [07/Mar/2021:06:21:31 +0000] "POST /comment/addReaction HTTP/1.1" 500 61 "-" "PostmanRuntime/7.26.8"
::1 - - [07/Mar/2021:06:22:59 +0000] "POST /comment/addReaction HTTP/1.1" 500 61 "-" "PostmanRuntime/7.26.8"
::1 - - [07/Mar/2021:06:23:33 +0000] "POST /comment/addReaction HTTP/1.1" 500 127 "-" "PostmanRuntime/7.26.8"
::1 - - [07/Mar/2021:06:28:27 +0000] "POST /comment/addReaction HTTP/1.1" 200 312 "-" "PostmanRuntime/7.26.8"
::1 - - [07/Mar/2021:06:28:37 +0000] "POST /comment/addReaction HTTP/1.1" 200 358 "-" "PostmanRuntime/7.26.8"
::1 - - [07/Mar/2021:06:36:21 +0000] "POST /comment/addReaction HTTP/1.1" 200 358 "-" "PostmanRuntime/7.26.8"
::1 - - [07/Mar/2021:06:38:40 +0000] "GET /comment/details?commentId=604470847e884f03d28e2d5f HTTP/1.1" 500 360 "-" "PostmanRuntime/7.26.8"
::1 - - [07/Mar/2021:06:58:13 +0000] "GET /comment/details?commentId=604470847e884f03d28e2d5f HTTP/1.1" 500 360 "-" "PostmanRuntime/7.26.8"
::1 - - [07/Mar/2021:06:58:38 +0000] "GET /comment/details?commentId=604470847e884f03d28e2d5f HTTP/1.1" 500 360 "-" "PostmanRuntime/7.26.8"
::1 - - [07/Mar/2021:06:58:54 +0000] "GET /comment/details?commentId=604470847e884f03d28e2d5f HTTP/1.1" 500 360 "-" "PostmanRuntime/7.26.8"
::1 - - [07/Mar/2021:06:58:56 +0000] "GET /comment/details?commentId=604470847e884f03d28e2d5f HTTP/1.1" 500 360 "-" "PostmanRuntime/7.26.8"
::1 - - [07/Mar/2021:06:59:37 +0000] "GET /comment/details?commentId=604470847e884f03d28e2d5f HTTP/1.1" 500 360 "-" "PostmanRuntime/7.26.8"
::1 - - [07/Mar/2021:07:00:25 +0000] "GET /comment/details?commentId=604470847e884f03d28e2d5f HTTP/1.1" 500 360 "-" "PostmanRuntime/7.26.8"
::1 - - [07/Mar/2021:07:00:26 +0000] "GET /comment/details?commentId=604470847e884f03d28e2d5f HTTP/1.1" 500 360 "-" "PostmanRuntime/7.26.8"
::1 - - [07/Mar/2021:07:00:27 +0000] "GET /comment/details?commentId=604470847e884f03d28e2d5f HTTP/1.1" 500 360 "-" "PostmanRuntime/7.26.8"
::1 - - [07/Mar/2021:07:00:27 +0000] "GET /comment/details?commentId=604470847e884f03d28e2d5f HTTP/1.1" 500 360 "-" "PostmanRuntime/7.26.8"
::1 - - [07/Mar/2021:07:00:28 +0000] "GET /comment/details?commentId=604470847e884f03d28e2d5f HTTP/1.1" 500 360 "-" "PostmanRuntime/7.26.8"
::1 - - [07/Mar/2021:07:11:39 +0000] "GET /comment/details?commentId=604470847e884f03d28e2d5f HTTP/1.1" 200 350 "-" "PostmanRuntime/7.26.8"
::1 - - [07/Mar/2021:07:11:58 +0000] "GET /comment/details?commentId=604470847e884f03d28e2d5f HTTP/1.1" 200 350 "-" "PostmanRuntime/7.26.8"
::1 - - [07/Mar/2021:07:12:29 +0000] "POST /comment/addReaction HTTP/1.1" 200 358 "-" "PostmanRuntime/7.26.8"
::1 - - [07/Mar/2021:07:12:35 +0000] "GET /comment/details?commentId=604470847e884f03d28e2d5f HTTP/1.1" 200 350 "-" "PostmanRuntime/7.26.8"
::1 - - [07/Mar/2021:07:13:00 +0000] "GET /comment/details?commentId=604470847e884f03d28e2d5f HTTP/1.1" 200 350 "-" "PostmanRuntime/7.26.8"
::1 - - [07/Mar/2021:07:16:08 +0000] "GET /comment/details?commentId=604470847e884f03d28e2d5f HTTP/1.1" 200 350 "-" "PostmanRuntime/7.26.8"
::1 - - [07/Mar/2021:07:16:12 +0000] "POST /comment/addReaction HTTP/1.1" 200 312 "-" "PostmanRuntime/7.26.8"
::1 - - [07/Mar/2021:07:16:13 +0000] "POST /comment/addReaction HTTP/1.1" 200 312 "-" "PostmanRuntime/7.26.8"
::1 - - [07/Mar/2021:07:17:43 +0000] "POST /comment/addReaction HTTP/1.1" 500 32 "-" "PostmanRuntime/7.26.8"
::1 - - [07/Mar/2021:07:17:54 +0000] "POST /comment/addReaction HTTP/1.1" 200 312 "-" "PostmanRuntime/7.26.8"
::1 - - [07/Mar/2021:07:18:43 +0000] "POST /comment/addReaction HTTP/1.1" 200 312 "-" "PostmanRuntime/7.26.8"
::1 - - [07/Mar/2021:07:19:04 +0000] "GET /comment/details?commentId=604470847e884f03d28e2d5f HTTP/1.1" 200 376 "-" "PostmanRuntime/7.26.8"
::1 - - [07/Mar/2021:07:19:44 +0000] "GET /comment/details?commentId=604470847e884f03d28e2d5f HTTP/1.1" 200 376 "-" "PostmanRuntime/7.26.8"
::1 - - [07/Mar/2021:07:22:42 +0000] "GET /comment/details?commentId=604470847e884f03d28e2d5f HTTP/1.1" 200 376 "-" "PostmanRuntime/7.26.8"
::1 - - [07/Mar/2021:07:23:12 +0000] "GET /comment/details?commentId=604470847e884f03d28e2d5f HTTP/1.1" 200 376 "-" "PostmanRuntime/7.26.8"
::1 - - [07/Mar/2021:07:26:19 +0000] "GET /comment/details?commentId=604470847e884f03d28e2d5f HTTP/1.1" 200 - "-" "PostmanRuntime/7.26.8"
::1 - - [07/Mar/2021:07:26:50 +0000] "GET /comment/details?commentId=604470847e884f03d28e2d5f HTTP/1.1" 200 609 "-" "PostmanRuntime/7.26.8"
::1 - - [07/Mar/2021:07:27:37 +0000] "GET /comment/details?commentId=604470847e884f03d28e2d5f HTTP/1.1" 200 609 "-" "PostmanRuntime/7.26.8"
::1 - - [07/Mar/2021:07:28:00 +0000] "POST /comment/addReaction HTTP/1.1" 200 312 "-" "PostmanRuntime/7.26.8"
::1 - - [07/Mar/2021:07:28:03 +0000] "GET /comment/details?commentId=604470847e884f03d28e2d5f HTTP/1.1" 200 869 "-" "PostmanRuntime/7.26.8"
::1 - - [07/Mar/2021:07:28:42 +0000] "POST /comment/addReaction HTTP/1.1" 200 313 "-" "PostmanRuntime/7.26.8"
::1 - - [07/Mar/2021:07:28:48 +0000] "GET /comment/details?commentId=604470847e884f03d28e2d5f HTTP/1.1" 200 - "-" "PostmanRuntime/7.26.8"
::1 - - [07/Mar/2021:07:32:06 +0000] "GET /comment/details?commentId=604470847e884f03d28e2d5f HTTP/1.1" 200 - "-" "PostmanRuntime/7.26.8"
::1 - - [07/Mar/2021:07:33:25 +0000] "GET /comment/list?recipeId=604360b2505e0c08881a5592 HTTP/1.1" 200 730 "-" "PostmanRuntime/7.26.8"
::1 - - [07/Mar/2021:07:33:56 +0000] "GET /comment/list?recipeId=604360b2505e0c08881a5592 HTTP/1.1" 200 57 "-" "PostmanRuntime/7.26.8"
::1 - - [07/Mar/2021:07:34:02 +0000] "POST /recipe/list HTTP/1.1" 500 25 "-" "PostmanRuntime/7.26.8"
::1 - - [07/Mar/2021:07:34:15 +0000] "POST /recipe/list HTTP/1.1" 200 - "-" "PostmanRuntime/7.26.8"
::1 - - [07/Mar/2021:07:34:51 +0000] "POST /comment/add?recipeId=604360b2505e0c08881a5592 HTTP/1.1" 200 118 "-" "PostmanRuntime/7.26.8"
::1 - - [07/Mar/2021:07:35:31 +0000] "POST /comment/addReaction HTTP/1.1" 200 312 "-" "PostmanRuntime/7.26.8"
::1 - - [07/Mar/2021:07:36:01 +0000] "POST /comment/addReaction HTTP/1.1" 200 312 "-" "PostmanRuntime/7.26.8"
::1 - - [07/Mar/2021:07:46:42 +0000] "POST /comment/addReaction HTTP/1.1" 500 59 "-" "PostmanRuntime/7.26.8"
::1 - - [07/Mar/2021:07:48:50 +0000] "POST /comment/addReaction HTTP/1.1" 500 59 "-" "PostmanRuntime/7.26.8"
::1 - - [07/Mar/2021:07:50:02 +0000] "POST /comment/addReaction HTTP/1.1" 500 40 "-" "PostmanRuntime/7.26.8"
::1 - - [07/Mar/2021:07:51:24 +0000] "POST /comment/addReaction HTTP/1.1" 500 40 "-" "PostmanRuntime/7.26.8"
::1 - - [07/Mar/2021:07:52:19 +0000] "POST /comment/addReaction HTTP/1.1" 200 328 "-" "PostmanRuntime/7.26.8"
::1 - - [07/Mar/2021:07:53:16 +0000] "POST /comment/add?recipeId=604360b2505e0c08881a5592 HTTP/1.1" 200 118 "-" "PostmanRuntime/7.26.8"
::1 - - [07/Mar/2021:07:53:38 +0000] "POST /comment/addReaction HTTP/1.1" 200 327 "-" "PostmanRuntime/7.26.8"
::1 - - [07/Mar/2021:07:55:23 +0000] "POST /comment/addReaction HTTP/1.1" 500 59 "-" "PostmanRuntime/7.26.8"
::1 - - [07/Mar/2021:07:56:33 +0000] "POST /comment/addReaction HTTP/1.1" 500 59 "-" "PostmanRuntime/7.26.8"
::1 - - [07/Mar/2021:07:57:47 +0000] "POST /comment/addReaction HTTP/1.1" 500 46 "-" "PostmanRuntime/7.26.8"
::1 - - [07/Mar/2021:08:00:02 +0000] "POST /comment/addReaction HTTP/1.1" 200 327 "-" "PostmanRuntime/7.26.8"
::1 - - [07/Mar/2021:08:01:32 +0000] "POST /comment/addReaction HTTP/1.1" 200 328 "-" "PostmanRuntime/7.26.8"
::1 - - [07/Mar/2021:08:03:46 +0000] "GET /comment/details?commentId=604470847e884f03d28e2d5f HTTP/1.1" 400 31 "-" "PostmanRuntime/7.26.8"
::1 - - [07/Mar/2021:08:04:05 +0000] "GET /comment/details?commentId=6044866ccf327306a1541c6e HTTP/1.1" 200 672 "-" "PostmanRuntime/7.26.8"
::1 - - [07/Mar/2021:08:05:02 +0000] "GET /comment/details?commentId=6044866ccf327306a1541c6e HTTP/1.1" 200 - "-" "PostmanRuntime/7.26.8"
::1 - - [07/Mar/2021:08:05:53 +0000] "GET /comment/details?commentId=6044866ccf327306a1541c6e HTTP/1.1" 200 - "-" "PostmanRuntime/7.26.8"
::1 - - [07/Mar/2021:08:09:20 +0000] "GET /comment/details?commentId=6044866ccf327306a1541c6e HTTP/1.1" 500 80 "-" "PostmanRuntime/7.26.8"
::1 - - [07/Mar/2021:08:12:43 +0000] "GET /comment/details?commentId=6044866ccf327306a1541c6e HTTP/1.1" 200 - "-" "PostmanRuntime/7.26.8"
::1 - - [07/Mar/2021:08:14:05 +0000] "GET /comment/details?commentId=6044866ccf327306a1541c6e HTTP/1.1" 200 - "-" "PostmanRuntime/7.26.8"
::1 - - [07/Mar/2021:08:14:41 +0000] "GET /comment/details?commentId=6044866ccf327306a1541c6e HTTP/1.1" 200 - "-" "PostmanRuntime/7.26.8"
::1 - - [07/Mar/2021:08:14:56 +0000] "GET /comment/details?commentId=6044866ccf327306a1541c6e HTTP/1.1" 200 - "-" "PostmanRuntime/7.26.8"
::1 - - [07/Mar/2021:08:18:50 +0000] "POST /recipe/create HTTP/1.1" 500 25 "-" "PostmanRuntime/7.26.8"
::1 - - [07/Mar/2021:08:19:04 +0000] "POST /recipe/create HTTP/1.1" 201 67 "-" "PostmanRuntime/7.26.8"
::1 - - [07/Mar/2021:08:20:00 +0000] "POST /comment/add?recipeId=60448c786307af07558ed9d4 HTTP/1.1" 200 118 "-" "PostmanRuntime/7.26.8"
::1 - - [07/Mar/2021:08:20:36 +0000] "POST /comment/addReaction HTTP/1.1" 200 337 "-" "PostmanRuntime/7.26.8"
::1 - - [07/Mar/2021:08:20:58 +0000] "POST /comment/addReaction HTTP/1.1" 200 338 "-" "PostmanRuntime/7.26.8"
::1 - - [07/Mar/2021:08:21:15 +0000] "GET /comment/details?commentId=60448cb06307af07558ed9d5 HTTP/1.1" 200 - "-" "PostmanRuntime/7.26.8"
::1 - - [07/Mar/2021:08:24:26 +0000] "GET /comment/details?commentId=60448cb06307af07558ed9d5 HTTP/1.1" 200 - "-" "PostmanRuntime/7.26.8"
::1 - - [07/Mar/2021:08:25:36 +0000] "GET /comment/details?commentId=60448cb06307af07558ed9d5 HTTP/1.1" 200 - "-" "PostmanRuntime/7.26.8"
::1 - - [07/Mar/2021:08:26:09 +0000] "GET /comment/details?commentId=60448cb06307af07558ed9d5 HTTP/1.1" 200 - "-" "PostmanRuntime/7.26.8"
::1 - - [07/Mar/2021:08:27:04 +0000] "GET /comment/details?commentId=60448cb06307af07558ed9d5 HTTP/1.1" 200 653 "-" "PostmanRuntime/7.26.8"
::1 - - [07/Mar/2021:08:28:21 +0000] "GET /comment/details?commentId=60448cb06307af07558ed9d5 HTTP/1.1" 200 916 "-" "PostmanRuntime/7.26.8"
::1 - - [07/Mar/2021:08:29:23 +0000] "GET /comment/details?commentId=60448cb06307af07558ed9d5 HTTP/1.1" 200 916 "-" "PostmanRuntime/7.26.8"
::1 - - [07/Mar/2021:08:30:20 +0000] "GET /comment/details?commentId=60448cb06307af07558ed9d5 HTTP/1.1" 200 - "-" "PostmanRuntime/7.26.8"
::1 - - [07/Mar/2021:08:31:45 +0000] "POST /comment/addReaction HTTP/1.1" 200 337 "-" "PostmanRuntime/7.26.8"
::1 - - [07/Mar/2021:08:31:56 +0000] "GET /comment/details?commentId=60448cb06307af07558ed9d5 HTTP/1.1" 200 - "-" "PostmanRuntime/7.26.8"
::1 - - [07/Mar/2021:08:32:26 +0000] "GET /comment/details?commentId=60448cb06307af07558ed9d5 HTTP/1.1" 200 - "-" "PostmanRuntime/7.26.8"
::1 - - [07/Mar/2021:08:35:23 +0000] "GET /comment/details?commentId=60448cb06307af07558ed9d5 HTTP/1.1" 200 - "-" "PostmanRuntime/7.26.8"
::1 - - [07/Mar/2021:08:36:17 +0000] "GET /comment/details?commentId=60448cb06307af07558ed9d5 HTTP/1.1" 200 - "-" "PostmanRuntime/7.26.8"
::1 - - [07/Mar/2021:08:36:50 +0000] "GET /comment/details?commentId=60448cb06307af07558ed9d5 HTTP/1.1" 200 - "-" "PostmanRuntime/7.26.8"
::1 - - [07/Mar/2021:08:37:37 +0000] "GET /comment/details?commentId=60448cb06307af07558ed9d5 HTTP/1.1" 200 - "-" "PostmanRuntime/7.26.8"
::1 - - [07/Mar/2021:08:38:51 +0000] "GET /comment/details?commentId=60448cb06307af07558ed9d5 HTTP/1.1" 200 - "-" "PostmanRuntime/7.26.8"
::1 - - [07/Mar/2021:08:39:14 +0000] "GET /comment/details?commentId=60448cb06307af07558ed9d5 HTTP/1.1" 200 - "-" "PostmanRuntime/7.26.8"
::1 - - [07/Mar/2021:08:39:27 +0000] "GET /comment/details?commentId=60448cb06307af07558ed9d5 HTTP/1.1" 200 - "-" "PostmanRuntime/7.26.8"
::1 - - [07/Mar/2021:08:42:08 +0000] "GET /comment/details?commentId=60448cb06307af07558ed9d5 HTTP/1.1" 200 - "-" "PostmanRuntime/7.26.8"
::1 - - [07/Mar/2021:08:43:08 +0000] "GET /comment/details?commentId=60448cb06307af07558ed9d5 HTTP/1.1" 200 - "-" "PostmanRuntime/7.26.8"
::1 - - [07/Mar/2021:12:51:30 +0000] "POST /user/imageUpload HTTP/1.1" - - "-" "PostmanRuntime/7.26.8"
::1 - - [07/Mar/2021:12:55:37 +0000] "POST /user/imageUpload HTTP/1.1" - - "-" "PostmanRuntime/7.26.8"
::1 - - [07/Mar/2021:13:01:05 +0000] "POST /user/imageUpload HTTP/1.1" - - "-" "PostmanRuntime/7.26.8"
::1 - - [07/Mar/2021:13:07:11 +0000] "POST /user/imageUpload HTTP/1.1" - - "-" "PostmanRuntime/7.26.8"
::1 - - [07/Mar/2021:13:07:19 +0000] "POST /user/imageUpload HTTP/1.1" - - "-" "PostmanRuntime/7.26.8"
::1 - - [07/Mar/2021:13:08:03 +0000] "POST /user/imageUpload HTTP/1.1" - - "-" "PostmanRuntime/7.26.8"
::1 - - [07/Mar/2021:13:08:25 +0000] "POST /user/imageUpload HTTP/1.1" - - "-" "PostmanRuntime/7.26.8"
::1 - - [07/Mar/2021:13:15:05 +0000] "POST /user/imageUpload HTTP/1.1" 500 136 "-" "PostmanRuntime/7.26.8"
::1 - - [07/Mar/2021:13:17:16 +0000] "POST /user/imageUpload HTTP/1.1" 200 97 "-" "PostmanRuntime/7.26.8"
::1 - - [07/Mar/2021:13:18:45 +0000] "POST /user/imageUpload HTTP/1.1" 200 49 "-" "PostmanRuntime/7.26.8"
::1 - - [07/Mar/2021:13:20:03 +0000] "POST /user/imageUpload HTTP/1.1" - - "-" "PostmanRuntime/7.26.8"
::1 - - [07/Mar/2021:13:20:21 +0000] "POST /user/imageUpload HTTP/1.1" 200 49 "-" "PostmanRuntime/7.26.8"
::1 - - [07/Mar/2021:13:33:02 +0000] "POST /user/imageUpload HTTP/1.1" 500 125 "-" "PostmanRuntime/7.26.8"
::1 - - [07/Mar/2021:13:33:41 +0000] "POST /user/imageUpload HTTP/1.1" 200 106 "-" "PostmanRuntime/7.26.8"
::1 - - [07/Mar/2021:13:33:47 +0000] "GET /profile_images HTTP/1.1" 301 195 "-" "PostmanRuntime/7.26.8"
::1 - - [07/Mar/2021:13:33:47 +0000] "GET /profile_images/ HTTP/1.1" 404 154 "http://localhost:8080/profile_images" "PostmanRuntime/7.26.8"
::1 - - [07/Mar/2021:13:34:02 +0000] "GET /profile_images HTTP/1.1" 301 195 "-" "Mozilla/5.0 (Macintosh; Intel Mac OS X 10_15_7) AppleWebKit/605.1.15 (KHTML, like Gecko) Version/14.0.1 Safari/605.1.15"
::1 - - [07/Mar/2021:13:34:02 +0000] "GET /profile_images/ HTTP/1.1" 404 154 "-" "Mozilla/5.0 (Macintosh; Intel Mac OS X 10_15_7) AppleWebKit/605.1.15 (KHTML, like Gecko) Version/14.0.1 Safari/605.1.15"
::1 - - [07/Mar/2021:13:34:02 +0000] "GET /apple-touch-icon-precomposed.png HTTP/1.1" 404 171 "-" "Safari/15610.2.11.51.10 CFNetwork/1128.0.1 Darwin/19.6.0 (x86_64)"
::1 - - [07/Mar/2021:13:34:02 +0000] "GET /apple-touch-icon.png HTTP/1.1" 404 159 "-" "Safari/15610.2.11.51.10 CFNetwork/1128.0.1 Darwin/19.6.0 (x86_64)"
::1 - - [07/Mar/2021:13:34:47 +0000] "POST /user/imageUpload HTTP/1.1" 200 116 "-" "PostmanRuntime/7.26.8"
::1 - - [07/Mar/2021:13:34:51 +0000] "GET /profile_images/test1.jpg HTTP/1.1" 200 34061 "-" "Mozilla/5.0 (Macintosh; Intel Mac OS X 10_15_7) AppleWebKit/605.1.15 (KHTML, like Gecko) Version/14.0.1 Safari/605.1.15"
::1 - - [07/Mar/2021:13:34:51 +0000] "GET /favicon.ico HTTP/1.1" 404 150 "http://localhost:8080/profile_images/test1.jpg" "Mozilla/5.0 (Macintosh; Intel Mac OS X 10_15_7) AppleWebKit/605.1.15 (KHTML, like Gecko) Version/14.0.1 Safari/605.1.15"
::1 - - [10/Mar/2021:07:30:57 +0000] "POST /auth/login HTTP/1.1" 200 268 "-" "PostmanRuntime/7.26.8"
::1 - - [10/Mar/2021:08:07:04 +0000] "POST /user/complaint HTTP/1.1" 500 123 "-" "PostmanRuntime/7.26.8"
::1 - - [10/Mar/2021:08:08:09 +0000] "POST /user/complaint HTTP/1.1" 500 123 "-" "PostmanRuntime/7.26.8"
::1 - - [10/Mar/2021:08:26:52 +0000] "POST /user/complaint HTTP/1.1" 500 123 "-" "PostmanRuntime/7.26.8"
::1 - - [10/Mar/2021:08:29:13 +0000] "POST /user/payment HTTP/1.1" 500 40 "-" "PostmanRuntime/7.26.8"
::1 - - [10/Mar/2021:08:29:59 +0000] "POST /user/payment HTTP/1.1" 500 100 "-" "PostmanRuntime/7.26.8"
::1 - - [10/Mar/2021:08:30:42 +0000] "GET /user/details?userId=604278386826e60792677ca0 HTTP/1.1" 500 25 "-" "PostmanRuntime/7.26.8"
::1 - - [10/Mar/2021:08:30:53 +0000] "GET /user/details?userId=604278386826e60792677ca0 HTTP/1.1" 200 263 "-" "PostmanRuntime/7.26.8"
::1 - - [10/Mar/2021:08:32:50 +0000] "POST /user/payment HTTP/1.1" 500 93 "-" "PostmanRuntime/7.26.8"
::1 - - [10/Mar/2021:08:54:17 +0000] "POST /user/payment HTTP/1.1" 500 77 "-" "PostmanRuntime/7.26.8"
::1 - - [10/Mar/2021:08:54:57 +0000] "POST /user/payment HTTP/1.1" 200 256 "-" "PostmanRuntime/7.26.8"
::1 - - [10/Mar/2021:09:00:12 +0000] "GET /user/complaint HTTP/1.1" 404 153 "-" "PostmanRuntime/7.26.8"
::1 - - [10/Mar/2021:09:00:44 +0000] "GET /user/complaint HTTP/1.1" 404 153 "-" "PostmanRuntime/7.26.8"
::1 - - [10/Mar/2021:09:01:41 +0000] "POST /user/complaint HTTP/1.1" 500 93 "-" "PostmanRuntime/7.26.8"
::1 - - [10/Mar/2021:09:02:23 +0000] "POST /user/complaint HTTP/1.1" 200 244 "-" "PostmanRuntime/7.26.8"
::1 - - [10/Mar/2021:09:02:26 +0000] "POST /user/complaint HTTP/1.1" 200 244 "-" "PostmanRuntime/7.26.8"
::1 - - [10/Mar/2021:09:02:55 +0000] "POST /user/complaint HTTP/1.1" 200 246 "-" "PostmanRuntime/7.26.8"
::1 - - [10/Mar/2021:13:33:35 +0000] "POST /auth/signup HTTP/1.1" 201 27 "-" "PostmanRuntime/7.26.10"
::1 - - [10/Mar/2021:13:33:54 +0000] "POST /auth/signup HTTP/1.1" 422 139 "-" "PostmanRuntime/7.26.10"
::1 - - [10/Mar/2021:13:34:39 +0000] "POST /auth/signup HTTP/1.1" 201 27 "-" "PostmanRuntime/7.26.10"
::1 - - [10/Mar/2021:13:35:21 +0000] "POST /auth/login HTTP/1.1" 200 268 "-" "PostmanRuntime/7.26.10"
::1 - - [10/Mar/2021:13:36:24 +0000] "GET /user/details?userId=604278386826e60792677ca0 HTTP/1.1" 200 263 "-" "PostmanRuntime/7.26.10"
::1 - - [10/Mar/2021:13:39:25 +0000] "GET /user/update?userId=604278386826e60792677ca0 HTTP/1.1" 404 150 "-" "PostmanRuntime/7.26.10"
::1 - - [10/Mar/2021:13:39:37 +0000] "PUT /user/update?userId=604278386826e60792677ca0 HTTP/1.1" 401 32 "-" "PostmanRuntime/7.26.10"
::1 - - [10/Mar/2021:13:39:51 +0000] "PUT /user/update?userId=604278386826e60792677ca0 HTTP/1.1" 500 59 "-" "PostmanRuntime/7.26.10"
::1 - - [10/Mar/2021:13:40:25 +0000] "PUT /user/update?userId=604278386826e60792677ca0 HTTP/1.1" 500 41 "-" "PostmanRuntime/7.26.10"
::1 - - [10/Mar/2021:13:40:58 +0000] "PUT /user/update?userId=604278386826e60792677ca0 HTTP/1.1" 500 41 "-" "PostmanRuntime/7.26.10"
::1 - - [10/Mar/2021:13:42:34 +0000] "PUT /user/update?userId=604278386826e60792677ca0 HTTP/1.1" 200 408 "-" "PostmanRuntime/7.26.10"
::1 - - [10/Mar/2021:13:43:15 +0000] "PUT /user/update?userId=604278386826e60792677ca0 HTTP/1.1" 200 408 "-" "PostmanRuntime/7.26.10"
::1 - - [10/Mar/2021:13:43:43 +0000] "PUT /user/update?userId=604278386826e60792677ca0 HTTP/1.1" 200 350 "-" "PostmanRuntime/7.26.10"
::1 - - [10/Mar/2021:13:43:50 +0000] "PUT /user/update?userId=604278386826e60792677ca0 HTTP/1.1" 200 350 "-" "PostmanRuntime/7.26.10"
::1 - - [10/Mar/2021:13:44:33 +0000] "PUT /user/update?userId=604278386826e60792677ca0 HTTP/1.1" 200 334 "-" "PostmanRuntime/7.26.10"
::1 - - [10/Mar/2021:13:44:51 +0000] "PUT /user/update?userId=604278386826e60792677ca0 HTTP/1.1" 200 334 "-" "PostmanRuntime/7.26.10"
::1 - - [10/Mar/2021:13:44:55 +0000] "GET /user/details?userId=604278386826e60792677ca0 HTTP/1.1" 200 328 "-" "PostmanRuntime/7.26.10"
::1 - - [10/Mar/2021:13:47:57 +0000] "PUT /user/update HTTP/1.1" 200 334 "-" "PostmanRuntime/7.26.10"
::1 - - [10/Mar/2021:13:48:02 +0000] "PUT /user/update HTTP/1.1" 200 334 "-" "PostmanRuntime/7.26.10"
::1 - - [10/Mar/2021:13:48:31 +0000] "POST /auth/change-password HTTP/1.1" 400 77 "-" "PostmanRuntime/7.26.10"
::1 - - [10/Mar/2021:13:48:44 +0000] "POST /auth/change-password HTTP/1.1" 500 46 "-" "PostmanRuntime/7.26.10"
::1 - - [10/Mar/2021:13:51:52 +0000] "POST /auth/change-password HTTP/1.1" 500 46 "-" "PostmanRuntime/7.26.10"
::1 - - [10/Mar/2021:13:53:35 +0000] "POST /auth/change-password HTTP/1.1" 200 80 "-" "PostmanRuntime/7.26.10"
::1 - - [10/Mar/2021:13:55:10 +0000] "POST /auth/forgot-password HTTP/1.1" 200 107 "-" "PostmanRuntime/7.26.10"
::1 - - [10/Mar/2021:14:48:31 +0000] "POST /auth/forgot-password HTTP/1.1" 200 95 "-" "PostmanRuntime/7.26.10"
::1 - - [10/Mar/2021:14:52:21 +0000] "POST /auth/forgot-password HTTP/1.1" 200 95 "-" "PostmanRuntime/7.26.10"
::1 - - [10/Mar/2021:14:52:41 +0000] "POST /auth/forgot-password HTTP/1.1" 200 95 "-" "PostmanRuntime/7.26.10"
::1 - - [10/Mar/2021:14:53:37 +0000] "POST /auth/forgot-password HTTP/1.1" 200 95 "-" "PostmanRuntime/7.26.10"
::1 - - [10/Mar/2021:14:54:06 +0000] "POST /auth/forgot-password HTTP/1.1" 200 95 "-" "PostmanRuntime/7.26.10"
::1 - - [10/Mar/2021:14:56:14 +0000] "POST /auth/forgot-password HTTP/1.1" 200 95 "-" "PostmanRuntime/7.26.10"
::1 - - [10/Mar/2021:14:58:51 +0000] "POST /auth/forgot-password HTTP/1.1" 200 95 "-" "PostmanRuntime/7.26.10"
::1 - - [10/Mar/2021:15:00:07 +0000] "POST /auth/forgot-password HTTP/1.1" 200 95 "-" "PostmanRuntime/7.26.10"
::1 - - [10/Mar/2021:15:01:04 +0000] "POST /auth/forgot-password HTTP/1.1" 200 95 "-" "PostmanRuntime/7.26.10"
::1 - - [10/Mar/2021:15:02:11 +0000] "POST /auth/forgot-password HTTP/1.1" 200 95 "-" "PostmanRuntime/7.26.10"
::1 - - [10/Mar/2021:15:02:35 +0000] "POST /auth/forgot-password HTTP/1.1" 200 95 "-" "PostmanRuntime/7.26.10"
::1 - - [10/Mar/2021:15:09:11 +0000] "POST /auth/forgot-password HTTP/1.1" 200 95 "-" "PostmanRuntime/7.26.10"
::1 - - [10/Mar/2021:15:10:55 +0000] "POST /auth/forgot-password HTTP/1.1" 200 95 "-" "PostmanRuntime/7.26.10"
::1 - - [10/Mar/2021:15:12:57 +0000] "POST /auth/forgot-password HTTP/1.1" 200 95 "-" "PostmanRuntime/7.26.10"
::1 - - [10/Mar/2021:15:14:06 +0000] "POST /auth/forgot-password HTTP/1.1" 200 95 "-" "PostmanRuntime/7.26.10"
::1 - - [10/Mar/2021:15:14:23 +0000] "POST /auth/forgot-password HTTP/1.1" 200 95 "-" "PostmanRuntime/7.26.10"
::1 - - [10/Mar/2021:15:51:10 +0000] "POST /auth/forgot-password HTTP/1.1" 500 47 "-" "PostmanRuntime/7.26.10"
::1 - - [10/Mar/2021:15:51:32 +0000] "POST /auth/forgot-password HTTP/1.1" 500 47 "-" "PostmanRuntime/7.26.10"
::1 - - [10/Mar/2021:15:52:08 +0000] "POST /auth/forgot-password HTTP/1.1" 500 39 "-" "PostmanRuntime/7.26.10"
::1 - - [10/Mar/2021:15:52:35 +0000] "POST /auth/forgot-password HTTP/1.1" 500 39 "-" "PostmanRuntime/7.26.10"
::1 - - [10/Mar/2021:15:52:59 +0000] "POST /auth/forgot-password HTTP/1.1" 500 39 "-" "PostmanRuntime/7.26.10"
::1 - - [10/Mar/2021:15:53:21 +0000] "POST /auth/forgot-password HTTP/1.1" 200 95 "-" "PostmanRuntime/7.26.10"
::1 - - [10/Mar/2021:15:58:37 +0000] "POST /auth/forgot-password HTTP/1.1" 500 35 "-" "PostmanRuntime/7.26.10"
::1 - - [10/Mar/2021:15:59:03 +0000] "POST /auth/forgot-password HTTP/1.1" 200 95 "-" "PostmanRuntime/7.26.10"
::1 - - [10/Mar/2021:18:07:09 +0000] "POST /auth/login HTTP/1.1" 500 41 "-" "PostmanRuntime/7.26.10"
::1 - - [10/Mar/2021:18:08:01 +0000] "POST /auth/login HTTP/1.1" 200 268 "-" "PostmanRuntime/7.26.10"
::1 - - [10/Mar/2021:18:08:24 +0000] "GET /comment/details?commentId=60448cb06307af07558ed9d5 HTTP/1.1" 200 56 "-" "PostmanRuntime/7.26.10"
::1 - - [10/Mar/2021:18:08:59 +0000] "GET /comment/details?commentId=60448cb06307af07558ed9d5 HTTP/1.1" 200 56 "-" "PostmanRuntime/7.26.10"
::1 - - [10/Mar/2021:18:11:09 +0000] "GET /comment/details?commentId=60448cb06307af07558ed9d5 HTTP/1.1" 200 56 "-" "PostmanRuntime/7.26.10"
::1 - - [10/Mar/2021:18:11:58 +0000] "GET /comment/details?commentId=60448cb06307af07558ed9d5 HTTP/1.1" 200 - "-" "PostmanRuntime/7.26.10"
::1 - - [10/Mar/2021:18:12:51 +0000] "GET /comment/details?commentId=60448cb06307af07558ed9d5 HTTP/1.1" 500 57 "-" "PostmanRuntime/7.26.10"
::1 - - [10/Mar/2021:18:13:19 +0000] "GET /comment/details?commentId=60448cb06307af07558ed9d5 HTTP/1.1" 200 56 "-" "PostmanRuntime/7.26.10"
::1 - - [10/Mar/2021:18:17:03 +0000] "GET /comment/details?commentId=60448cb06307af07558ed9d5 HTTP/1.1" 200 - "-" "PostmanRuntime/7.26.10"
::1 - - [10/Mar/2021:18:17:10 +0000] "GET /comment/list?recipeId=604360b2505e0c08881a5592 HTTP/1.1" 500 25 "-" "PostmanRuntime/7.26.10"
::1 - - [10/Mar/2021:18:17:19 +0000] "GET /comment/list?recipeId=604360b2505e0c08881a5592 HTTP/1.1" 200 54 "-" "PostmanRuntime/7.26.10"
::1 - - [10/Mar/2021:18:22:05 +0000] "GET /comment/list?recipeId=604360b2505e0c08881a5592 HTTP/1.1" 500 50 "-" "PostmanRuntime/7.26.10"
::1 - - [10/Mar/2021:18:22:23 +0000] "GET /comment/list?recipeId=604360b2505e0c08881a5592 HTTP/1.1" 400 48 "-" "PostmanRuntime/7.26.10"
::1 - - [10/Mar/2021:18:22:50 +0000] "GET /comment/list?recipeId=60448c786307af07558ed9d4 HTTP/1.1" 500 48 "-" "PostmanRuntime/7.26.10"
::1 - - [10/Mar/2021:18:23:40 +0000] "GET /comment/list?recipeId=60448c786307af07558ed9d4 HTTP/1.1" 200 54 "-" "PostmanRuntime/7.26.10"
::1 - - [10/Mar/2021:18:26:53 +0000] "GET /comment/list?recipeId=60448c786307af07558ed9d4 HTTP/1.1" 200 - "-" "PostmanRuntime/7.26.10"
::1 - - [10/Mar/2021:19:49:08 +0000] "POST /user/imageUpload HTTP/1.1" 500 25 "-" "PostmanRuntime/7.26.10"
::1 - - [10/Mar/2021:19:49:13 +0000] "POST /auth/login HTTP/1.1" 200 268 "-" "PostmanRuntime/7.26.10"
::1 - - [10/Mar/2021:19:51:04 +0000] "POST /user/imageUpload HTTP/1.1" - - "-" "PostmanRuntime/7.26.10"
::1 - - [10/Mar/2021:19:51:41 +0000] "POST /user/imageUpload HTTP/1.1" 200 134 "-" "PostmanRuntime/7.26.10"
::1 - - [10/Mar/2021:19:51:51 +0000] "POST /user/imageUpload HTTP/1.1" 200 134 "-" "PostmanRuntime/7.26.10"
::1 - - [10/Mar/2021:19:52:39 +0000] "GET /profile_images/2423amph02_201905241768.jpg HTTP/1.1" 200 43502 "-" "PostmanRuntime/7.26.10"
::1 - - [10/Mar/2021:19:52:48 +0000] "GET /profile_images/2423amph02_201905241768.jpg HTTP/1.1" 200 43502 "-" "PostmanRuntime/7.26.10"
::1 - - [10/Mar/2021:20:03:46 +0000] "GET /profile_images/2423amph02_201905241768.jpg HTTP/1.1" 200 43502 "-" "PostmanRuntime/7.26.10"
::1 - - [10/Mar/2021:20:04:12 +0000] "GET /profile_images/2423amph02_201905241768.jpg HTTP/1.1" 200 43502 "-" "PostmanRuntime/7.26.10"
::1 - - [10/Mar/2021:20:09:05 +0000] "GET /profile_images/2423amph02_201905241768.jpg HTTP/1.1" 200 43502 "-" "PostmanRuntime/7.26.10"
::1 - - [10/Mar/2021:20:15:05 +0000] "GET /profile_images/2423amph02_201905241768.jpg HTTP/1.1" 200 43502 "-" "PostmanRuntime/7.26.10"
::1 - - [10/Mar/2021:20:15:15 +0000] "GET /profile_images/2423amph02_201905241768.jpg HTTP/1.1" 200 43502 "-" "PostmanRuntime/7.26.10"
::1 - - [10/Mar/2021:20:15:33 +0000] "GET /profile_images/2423amph02_201905241768.jpg HTTP/1.1" 200 43502 "-" "PostmanRuntime/7.26.10"
::1 - - [10/Mar/2021:20:20:33 +0000] "GET /profile_images/2423amph02_201905241768.jpg HTTP/1.1" 200 43502 "-" "PostmanRuntime/7.26.10"
::1 - - [10/Mar/2021:20:20:50 +0000] "GET /profile_images/2423amph02_201905241768.jpg HTTP/1.1" 200 43502 "-" "PostmanRuntime/7.26.10"
::1 - - [10/Mar/2021:20:28:32 +0000] "GET /profile_images/2423amph02_201905241768.jpg HTTP/1.1" 401 32 "-" "PostmanRuntime/7.26.10"
::1 - - [10/Mar/2021:20:34:43 +0000] "POST /user/imageUpload HTTP/1.1" 500 162 "-" "PostmanRuntime/7.26.10"
::1 - - [10/Mar/2021:20:35:05 +0000] "POST /user/imageUpload HTTP/1.1" 200 134 "-" "PostmanRuntime/7.26.10"
::1 - - [10/Mar/2021:20:35:11 +0000] "GET /profile_images/2423amph02_201905241768.jpg HTTP/1.1" 401 32 "-" "PostmanRuntime/7.26.10"
::1 - - [10/Mar/2021:20:35:24 +0000] "GET /profile_images/2423amph02_201905241768.jpg HTTP/1.1" 200 43502 "-" "PostmanRuntime/7.26.10"
::1 - - [10/Mar/2021:20:37:10 +0000] "POST /user/imageUpload HTTP/1.1" 200 131 "-" "PostmanRuntime/7.26.10"
::1 - - [10/Mar/2021:20:37:23 +0000] "GET /profile_images/GOODFOOD_FIRST_INTRO.mov HTTP/1.1" 401 32 "-" "PostmanRuntime/7.26.10"
::1 - - [10/Mar/2021:20:37:31 +0000] "GET /profile_images/GOODFOOD_FIRST_INTRO.mov HTTP/1.1" 200 207039222 "-" "PostmanRuntime/7.26.10"
::1 - - [10/Mar/2021:20:37:47 +0000] "GET /profile_images/GOODFOOD_FIRST_INTRO.mov HTTP/1.1" 200 207039222 "-" "PostmanRuntime/7.26.10"
::1 - - [10/Mar/2021:20:38:26 +0000] "GET /profile_images/GOODFOOD_FIRST_INTRO.mov HTTP/1.1" 200 207039222 "-" "Mozilla/5.0 (Macintosh; Intel Mac OS X 10_15_7) AppleWebKit/537.36 (KHTML, like Gecko) Chrome/88.0.4324.192 Safari/537.36"
::1 - - [10/Mar/2021:20:56:28 +0000] "POST /user/imageUpload HTTP/1.1" 200 131 "-" "PostmanRuntime/7.26.10"
::1 - - [10/Mar/2021:20:56:36 +0000] "GET /profile_images/GOODFOOD_FIRST_INTRO.mov HTTP/1.1" 401 32 "-" "Mozilla/5.0 (Macintosh; Intel Mac OS X 10_15_7) AppleWebKit/605.1.15 (KHTML, like Gecko) Version/14.0.1 Safari/605.1.15"
::1 - - [10/Mar/2021:20:56:36 +0000] "GET /favicon.ico HTTP/1.1" 404 150 "http://localhost:8080/profile_images/GOODFOOD_FIRST_INTRO.mov" "Mozilla/5.0 (Macintosh; Intel Mac OS X 10_15_7) AppleWebKit/605.1.15 (KHTML, like Gecko) Version/14.0.1 Safari/605.1.15"
::1 - - [10/Mar/2021:20:56:36 +0000] "GET /apple-touch-icon-precomposed.png HTTP/1.1" 404 171 "-" "Safari/15610.2.11.51.10 CFNetwork/1128.0.1 Darwin/19.6.0 (x86_64)"
::1 - - [10/Mar/2021:20:56:36 +0000] "GET /apple-touch-icon.png HTTP/1.1" 404 159 "-" "Safari/15610.2.11.51.10 CFNetwork/1128.0.1 Darwin/19.6.0 (x86_64)"
::1 - - [11/Mar/2021:18:10:05 +0000] "POST /auth/signup HTTP/1.1" 201 27 "-" "PostmanRuntime/7.26.10"
::1 - - [11/Mar/2021:18:19:50 +0000] "POST /auth/signup HTTP/1.1" 422 146 "-" "PostmanRuntime/7.26.10"
::1 - - [11/Mar/2021:18:20:42 +0000] "POST /auth/signup HTTP/1.1" 422 146 "-" "PostmanRuntime/7.26.10"
::1 - - [11/Mar/2021:18:25:49 +0000] "POST /auth/change-password HTTP/1.1" 500 46 "-" "PostmanRuntime/7.26.10"
::1 - - [11/Mar/2021:18:29:13 +0000] "POST /auth/change-password HTTP/1.1" 500 46 "-" "PostmanRuntime/7.26.10"
::1 - - [11/Mar/2021:18:30:25 +0000] "POST /auth/change-password HTTP/1.1" 500 46 "-" "PostmanRuntime/7.26.10"
::1 - - [11/Mar/2021:18:31:24 +0000] "POST /auth/change-password HTTP/1.1" 401 29 "-" "PostmanRuntime/7.26.10"
::1 - - [11/Mar/2021:18:31:49 +0000] "POST /auth/change-password HTTP/1.1" 400 29 "-" "PostmanRuntime/7.26.10"
::1 - - [11/Mar/2021:18:32:37 +0000] "POST /auth/change-password HTTP/1.1" 400 29 "-" "PostmanRuntime/7.26.10"
::1 - - [11/Mar/2021:18:33:59 +0000] "POST /auth/login HTTP/1.1" 500 46 "-" "PostmanRuntime/7.26.10"
::1 - - [11/Mar/2021:18:34:32 +0000] "POST /auth/login HTTP/1.1" 500 46 "-" "PostmanRuntime/7.26.10"
::1 - - [11/Mar/2021:18:35:02 +0000] "POST /auth/login HTTP/1.1" 401 56 "-" "PostmanRuntime/7.26.10"
::1 - - [11/Mar/2021:18:35:21 +0000] "POST /auth/login HTTP/1.1" 400 56 "-" "PostmanRuntime/7.26.10"
::1 - - [11/Mar/2021:18:35:29 +0000] "POST /auth/login HTTP/1.1" 500 39 "-" "PostmanRuntime/7.26.10"
::1 - - [11/Mar/2021:18:35:46 +0000] "POST /auth/login HTTP/1.1" 500 39 "-" "PostmanRuntime/7.26.10"
::1 - - [11/Mar/2021:18:35:53 +0000] "POST /auth/login HTTP/1.1" 200 264 "-" "PostmanRuntime/7.26.10"
::1 - - [11/Mar/2021:18:36:11 +0000] "POST /auth/change-password HTTP/1.1" 400 29 "-" "PostmanRuntime/7.26.10"
::1 - - [11/Mar/2021:18:37:57 +0000] "POST /auth/change-password HTTP/1.1" 200 80 "-" "PostmanRuntime/7.26.10"
::1 - - [11/Mar/2021:18:38:06 +0000] "POST /auth/login HTTP/1.1" 401 29 "-" "PostmanRuntime/7.26.10"
::1 - - [11/Mar/2021:18:38:10 +0000] "POST /auth/login HTTP/1.1" 200 264 "-" "PostmanRuntime/7.26.10"
::1 - - [11/Mar/2021:18:39:46 +0000] "POST /auth/signup HTTP/1.1" 201 63 "-" "PostmanRuntime/7.26.10"
::1 - - [11/Mar/2021:18:40:30 +0000] "POST /auth/signup HTTP/1.1" 422 147 "-" "PostmanRuntime/7.26.10"
::1 - - [11/Mar/2021:18:41:04 +0000] "POST /auth/login HTTP/1.1" 200 264 "-" "PostmanRuntime/7.26.10"
::1 - - [11/Mar/2021:18:41:14 +0000] "POST /auth/login HTTP/1.1" 401 29 "-" "PostmanRuntime/7.26.10"
::1 - - [11/Mar/2021:18:41:22 +0000] "POST /auth/login HTTP/1.1" 400 56 "-" "PostmanRuntime/7.26.10"
::1 - - [11/Mar/2021:18:41:29 +0000] "POST /auth/login HTTP/1.1" 200 264 "-" "PostmanRuntime/7.26.10"
::1 - - [11/Mar/2021:18:42:02 +0000] "POST /auth/change-password HTTP/1.1" 401 29 "-" "PostmanRuntime/7.26.10"
::1 - - [11/Mar/2021:18:42:11 +0000] "POST /auth/change-password HTTP/1.1" 200 80 "-" "PostmanRuntime/7.26.10"
::1 - - [11/Mar/2021:18:42:16 +0000] "POST /auth/login HTTP/1.1" 401 29 "-" "PostmanRuntime/7.26.10"
::1 - - [11/Mar/2021:18:42:25 +0000] "POST /auth/login HTTP/1.1" 200 264 "-" "PostmanRuntime/7.26.10"
::1 - - [11/Mar/2021:18:43:09 +0000] "POST /auth/forgot-password HTTP/1.1" 401 56 "-" "PostmanRuntime/7.26.10"
::1 - - [11/Mar/2021:18:43:19 +0000] "POST /auth/signup HTTP/1.1" 201 63 "-" "PostmanRuntime/7.26.10"
::1 - - [11/Mar/2021:18:43:28 +0000] "POST /auth/forgot-password HTTP/1.1" 200 95 "-" "PostmanRuntime/7.26.10"
::1 - - [11/Mar/2021:18:48:54 +0000] "POST /auth/signup HTTP/1.1" 201 63 "-" "PostmanRuntime/7.26.10"
::1 - - [11/Mar/2021:18:49:00 +0000] "POST /auth/signup HTTP/1.1" 422 145 "-" "PostmanRuntime/7.26.10"
::1 - - [11/Mar/2021:18:49:37 +0000] "POST /auth/login HTTP/1.1" 200 268 "-" "PostmanRuntime/7.26.10"
::1 - - [11/Mar/2021:18:49:46 +0000] "POST /auth/login HTTP/1.1" 400 56 "-" "PostmanRuntime/7.26.10"
::1 - - [11/Mar/2021:18:50:49 +0000] "POST /auth/change-password HTTP/1.1" 200 80 "-" "PostmanRuntime/7.26.10"
::1 - - [11/Mar/2021:18:50:54 +0000] "POST /auth/login HTTP/1.1" 401 29 "-" "PostmanRuntime/7.26.10"
::1 - - [11/Mar/2021:18:51:01 +0000] "POST /auth/login HTTP/1.1" 200 268 "-" "PostmanRuntime/7.26.10"
::1 - - [11/Mar/2021:18:51:37 +0000] "POST /auth/forgot-password HTTP/1.1" 200 95 "-" "PostmanRuntime/7.26.10"
::1 - - [11/Mar/2021:18:52:02 +0000] "POST /auth/forgot-password HTTP/1.1" 200 95 "-" "PostmanRuntime/7.26.10"
::1 - - [11/Mar/2021:18:52:26 +0000] "POST /auth/login HTTP/1.1" 401 29 "-" "PostmanRuntime/7.26.10"
::1 - - [11/Mar/2021:18:52:32 +0000] "POST /auth/login HTTP/1.1" 200 268 "-" "PostmanRuntime/7.26.10"
::1 - - [11/Mar/2021:18:53:03 +0000] "POST /auth/change-password HTTP/1.1" 200 80 "-" "PostmanRuntime/7.26.10"
::1 - - [11/Mar/2021:18:53:08 +0000] "POST /auth/login HTTP/1.1" 401 29 "-" "PostmanRuntime/7.26.10"
::1 - - [11/Mar/2021:18:53:14 +0000] "POST /auth/login HTTP/1.1" 200 268 "-" "PostmanRuntime/7.26.10"
::1 - - [11/Mar/2021:18:56:30 +0000] "POST /auth/signup HTTP/1.1" 201 63 "-" "PostmanRuntime/7.26.10"
::1 - - [11/Mar/2021:18:57:01 +0000] "POST /auth/login HTTP/1.1" 200 268 "-" "PostmanRuntime/7.26.10"
::1 - - [11/Mar/2021:18:57:11 +0000] "POST /auth/signup HTTP/1.1" 422 145 "-" "PostmanRuntime/7.26.10"
::1 - - [11/Mar/2021:18:58:06 +0000] "POST /auth/change-password HTTP/1.1" 200 80 "-" "PostmanRuntime/7.26.10"
::1 - - [11/Mar/2021:18:58:13 +0000] "POST /auth/login HTTP/1.1" 401 29 "-" "PostmanRuntime/7.26.10"
::1 - - [11/Mar/2021:18:58:24 +0000] "POST /auth/login HTTP/1.1" 200 268 "-" "PostmanRuntime/7.26.10"
::1 - - [11/Mar/2021:18:58:50 +0000] "POST /auth/change-password HTTP/1.1" 401 29 "-" "PostmanRuntime/7.26.10"
::1 - - [11/Mar/2021:18:59:34 +0000] "POST /auth/forgot-password HTTP/1.1" 200 95 "-" "PostmanRuntime/7.26.10"
::1 - - [11/Mar/2021:19:00:11 +0000] "POST /auth/login HTTP/1.1" 401 29 "-" "PostmanRuntime/7.26.10"
::1 - - [11/Mar/2021:19:00:18 +0000] "POST /auth/login HTTP/1.1" 200 268 "-" "PostmanRuntime/7.26.10"
::1 - - [11/Mar/2021:19:00:44 +0000] "POST /auth/change-password HTTP/1.1" 200 80 "-" "PostmanRuntime/7.26.10"
::1 - - [11/Mar/2021:19:00:52 +0000] "POST /auth/login HTTP/1.1" 200 268 "-" "PostmanRuntime/7.26.10"
::1 - - [11/Mar/2021:19:12:39 +0000] "POST /user/imageUpload HTTP/1.1" 401 32 "-" "PostmanRuntime/7.26.10"
::1 - - [11/Mar/2021:19:12:45 +0000] "POST /auth/login HTTP/1.1" 200 268 "-" "PostmanRuntime/7.26.10"
::1 - - [11/Mar/2021:19:13:47 +0000] "POST /user/imageUpload HTTP/1.1" - - "-" "PostmanRuntime/7.26.10"
::1 - - [11/Mar/2021:19:14:17 +0000] "POST /user/videoUpload HTTP/1.1" 200 122 "-" "PostmanRuntime/7.26.10"
::1 - - [11/Mar/2021:19:15:33 +0000] "GET /user/details HTTP/1.1" 400 28 "-" "PostmanRuntime/7.26.10"
::1 - - [11/Mar/2021:19:15:49 +0000] "GET /user/details HTTP/1.1" 200 391 "-" "PostmanRuntime/7.26.10"
::1 - - [11/Mar/2021:19:16:48 +0000] "PUT /user/update HTTP/1.1" 200 334 "-" "PostmanRuntime/7.26.10"
::1 - - [11/Mar/2021:19:19:34 +0000] "GET /user/details HTTP/1.1" 200 402 "-" "PostmanRuntime/7.26.10"
::1 - - [11/Mar/2021:19:20:32 +0000] "PUT /user/update HTTP/1.1" 200 336 "-" "PostmanRuntime/7.26.10"
::1 - - [11/Mar/2021:19:20:38 +0000] "GET /user/details HTTP/1.1" 200 404 "-" "PostmanRuntime/7.26.10"
::1 - - [11/Mar/2021:19:22:17 +0000] "POST /user/imageUpload HTTP/1.1" 200 128 "-" "PostmanRuntime/7.26.10"
::1 - - [11/Mar/2021:19:22:55 +0000] "POST /user/videoUpload HTTP/1.1" 200 122 "-" "PostmanRuntime/7.26.10"
::1 - - [11/Mar/2021:19:23:27 +0000] "GET /profile_videos/profile_vid.mp4 HTTP/1.1" 401 32 "-" "Mozilla/5.0 (Macintosh; Intel Mac OS X 10_15_7) AppleWebKit/605.1.15 (KHTML, like Gecko) Version/14.0.1 Safari/605.1.15"
::1 - - [11/Mar/2021:19:23:27 +0000] "GET /favicon.ico HTTP/1.1" 404 150 "http://localhost:8080/profile_videos/profile_vid.mp4" "Mozilla/5.0 (Macintosh; Intel Mac OS X 10_15_7) AppleWebKit/605.1.15 (KHTML, like Gecko) Version/14.0.1 Safari/605.1.15"
::1 - - [11/Mar/2021:19:23:27 +0000] "GET /apple-touch-icon-precomposed.png HTTP/1.1" 404 171 "-" "Safari/15610.2.11.51.10 CFNetwork/1128.0.1 Darwin/19.6.0 (x86_64)"
::1 - - [11/Mar/2021:19:23:27 +0000] "GET /apple-touch-icon.png HTTP/1.1" 404 159 "-" "Safari/15610.2.11.51.10 CFNetwork/1128.0.1 Darwin/19.6.0 (x86_64)"
::1 - - [11/Mar/2021:19:24:10 +0000] "POST /user/payment HTTP/1.1" 400 30 "-" "PostmanRuntime/7.26.10"
::1 - - [11/Mar/2021:19:25:01 +0000] "POST /user/complaint HTTP/1.1" 500 25 "-" "PostmanRuntime/7.26.10"
::1 - - [11/Mar/2021:19:25:09 +0000] "POST /user/complaint HTTP/1.1" 200 244 "-" "PostmanRuntime/7.26.10"
::1 - - [12/Mar/2021:15:10:21 +0000] "POST /recipe/create HTTP/1.1" 500 25 "-" "PostmanRuntime/7.26.10"
::1 - - [12/Mar/2021:15:10:26 +0000] "POST /auth/login HTTP/1.1" 200 268 "-" "PostmanRuntime/7.26.10"
::1 - - [12/Mar/2021:15:10:37 +0000] "POST /recipe/create HTTP/1.1" 500 35 "-" "PostmanRuntime/7.26.10"
::1 - - [12/Mar/2021:15:11:59 +0000] "POST /recipe/create HTTP/1.1" 201 67 "-" "PostmanRuntime/7.26.10"
::1 - - [12/Mar/2021:15:21:39 +0000] "GET /recipe/update HTTP/1.1" 404 152 "-" "PostmanRuntime/7.26.10"
::1 - - [12/Mar/2021:15:21:53 +0000] "PUT /recipe/update HTTP/1.1" 500 49 "-" "PostmanRuntime/7.26.10"
::1 - - [12/Mar/2021:15:23:06 +0000] "PUT /recipe/update HTTP/1.1" 500 49 "-" "PostmanRuntime/7.26.10"
::1 - - [12/Mar/2021:15:23:25 +0000] "PUT /recipe/update HTTP/1.1" 500 49 "-" "PostmanRuntime/7.26.10"
::1 - - [12/Mar/2021:15:24:02 +0000] "PUT /recipe/update HTTP/1.1" 500 49 "-" "PostmanRuntime/7.26.10"
::1 - - [12/Mar/2021:15:26:08 +0000] "PUT /recipe/update?recipeId= HTTP/1.1" 500 89 "-" "PostmanRuntime/7.26.10"
::1 - - [12/Mar/2021:15:26:17 +0000] "PUT /recipe/update?recipeId=%22%22 HTTP/1.1" 500 93 "-" "PostmanRuntime/7.26.10"
::1 - - [12/Mar/2021:15:26:51 +0000] "PUT /recipe/update HTTP/1.1" 500 49 "-" "PostmanRuntime/7.26.10"
::1 - - [12/Mar/2021:15:28:10 +0000] "PUT /recipe/update HTTP/1.1" 500 49 "-" "PostmanRuntime/7.26.10"
::1 - - [12/Mar/2021:15:28:57 +0000] "PUT /recipe/update HTTP/1.1" 500 49 "-" "PostmanRuntime/7.26.10"
::1 - - [12/Mar/2021:15:34:44 +0000] "PUT /recipe/update HTTP/1.1" 500 49 "-" "PostmanRuntime/7.26.10"
::1 - - [12/Mar/2021:15:44:30 +0000] "PUT /recipe/update HTTP/1.1" 500 49 "-" "PostmanRuntime/7.26.10"
::1 - - [12/Mar/2021:15:46:57 +0000] "POST /recipe/toggleUbuntu?recipeId=604360b3505e0c08881a5593 HTTP/1.1" 500 25 "-" "PostmanRuntime/7.26.10"
::1 - - [12/Mar/2021:15:47:08 +0000] "POST /recipe/toggleUbuntu?recipeId=604360b3505e0c08881a5593 HTTP/1.1" 500 55 "-" "PostmanRuntime/7.26.10"
::1 - - [12/Mar/2021:15:47:17 +0000] "POST /recipe/toggleUbuntu HTTP/1.1" 500 55 "-" "PostmanRuntime/7.26.10"
::1 - - [12/Mar/2021:15:48:42 +0000] "PUT /recipe/update HTTP/1.1" 500 49 "-" "PostmanRuntime/7.26.10"
::1 - - [12/Mar/2021:15:50:35 +0000] "PUT /recipe/update HTTP/1.1" 500 49 "-" "PostmanRuntime/7.26.10"
::1 - - [12/Mar/2021:15:51:11 +0000] "POST /user/complaint HTTP/1.1" 500 87 "-" "PostmanRuntime/7.26.10"
::1 - - [12/Mar/2021:15:51:59 +0000] "POST /user/complaint HTTP/1.1" 200 244 "-" "PostmanRuntime/7.26.10"
::1 - - [12/Mar/2021:15:52:15 +0000] "POST /user/complaint? HTTP/1.1" 200 244 "-" "PostmanRuntime/7.26.10"
::1 - - [12/Mar/2021:15:54:59 +0000] "POST /user/complaint? HTTP/1.1" 200 244 "-" "PostmanRuntime/7.26.10"
::1 - - [12/Mar/2021:15:55:01 +0000] "POST /user/complaint? HTTP/1.1" 200 244 "-" "PostmanRuntime/7.26.10"
::1 - - [12/Mar/2021:15:55:20 +0000] "PUT /recipe/update HTTP/1.1" 500 49 "-" "PostmanRuntime/7.26.10"
::1 - - [12/Mar/2021:16:22:56 +0000] "POST /user/complaint? HTTP/1.1" 200 244 "-" "PostmanRuntime/7.26.10"
::1 - - [12/Mar/2021:16:23:12 +0000] "POST /user/complaint? HTTP/1.1" 422 105 "-" "PostmanRuntime/7.26.10"
::1 - - [12/Mar/2021:16:31:29 +0000] "POST /user/complaint? HTTP/1.1" 422 105 "-" "PostmanRuntime/7.26.10"
::1 - - [12/Mar/2021:16:31:44 +0000] "POST /user/complaint? HTTP/1.1" 200 229 "-" "PostmanRuntime/7.26.10"
::1 - - [12/Mar/2021:16:33:48 +0000] "PUT /recipe/update HTTP/1.1" 422 103 "-" "PostmanRuntime/7.26.10"
::1 - - [12/Mar/2021:16:34:48 +0000] "PUT /recipe/update HTTP/1.1" 422 103 "-" "PostmanRuntime/7.26.10"
::1 - - [12/Mar/2021:16:35:06 +0000] "PUT /recipe/update?recipeId=%2221232 HTTP/1.1" 422 104 "-" "PostmanRuntime/7.26.10"
::1 - - [12/Mar/2021:16:35:24 +0000] "PUT /recipe/update?recipeId=%2221232%22 HTTP/1.1" 500 98 "-" "PostmanRuntime/7.26.10"
::1 - - [12/Mar/2021:16:42:20 +0000] "PUT /recipe/update?recipeId=%2221232%22 HTTP/1.1" 500 98 "-" "PostmanRuntime/7.26.10"
::1 - - [12/Mar/2021:16:43:02 +0000] "PUT /recipe/update?recipeId=%2221232%22 HTTP/1.1" 500 98 "-" "PostmanRuntime/7.26.10"
::1 - - [12/Mar/2021:16:44:05 +0000] "PUT /recipe/update?recipeId=%2221232%22 HTTP/1.1" 500 98 "-" "PostmanRuntime/7.26.10"
::1 - - [12/Mar/2021:16:45:08 +0000] "PUT /recipe/update?recipeId=%2221232%22 HTTP/1.1" 500 54 "-" "PostmanRuntime/7.26.10"
::1 - - [12/Mar/2021:16:47:31 +0000] "PUT /recipe/update?recipeId=%2221232%22 HTTP/1.1" 200 30 "-" "PostmanRuntime/7.26.10"
::1 - - [12/Mar/2021:16:47:41 +0000] "PUT /recipe/update?recipeId=%22604b84bfb39b8e03aa6aa245%22 HTTP/1.1" 200 30 "-" "PostmanRuntime/7.26.10"
::1 - - [12/Mar/2021:16:47:43 +0000] "PUT /recipe/update?recipeId=%22604b84bfb39b8e03aa6aa245%22 HTTP/1.1" 200 30 "-" "PostmanRuntime/7.26.10"
::1 - - [12/Mar/2021:16:48:39 +0000] "PUT /recipe/update?recipeId=%22604b84bfb39b8e03aa6aa245%22 HTTP/1.1" 200 30 "-" "PostmanRuntime/7.26.10"
::1 - - [12/Mar/2021:16:49:05 +0000] "PUT /recipe/update?recipeId=%22604b84bfb39b8e03aa6aa245%22 HTTP/1.1" 200 30 "-" "PostmanRuntime/7.26.10"
::1 - - [12/Mar/2021:16:49:20 +0000] "PUT /recipe/update?recipeId=604b84bfb39b8e03aa6aa245 HTTP/1.1" 200 41 "-" "PostmanRuntime/7.26.10"
::1 - - [12/Mar/2021:16:49:27 +0000] "PUT /recipe/update?recipeId=1233 HTTP/1.1" 200 30 "-" "PostmanRuntime/7.26.10"
::1 - - [12/Mar/2021:16:51:29 +0000] "PUT /recipe/update?recipeId=1233 HTTP/1.1" 200 30 "-" "PostmanRuntime/7.26.10"
::1 - - [12/Mar/2021:16:56:03 +0000] "GET /comment/list?recipeId=60448c786307af07558ed9d4 HTTP/1.1" 200 54 "-" "PostmanRuntime/7.26.10"
::1 - - [12/Mar/2021:16:56:19 +0000] "GET /comment/list?recipeId=604b84bfb39b8e03aa6aa245 HTTP/1.1" 200 54 "-" "PostmanRuntime/7.26.10"
::1 - - [12/Mar/2021:16:56:30 +0000] "POST /comment/add?recipeId=604b84bfb39b8e03aa6aa245 HTTP/1.1" 500 25 "-" "PostmanRuntime/7.26.10"
::1 - - [12/Mar/2021:16:56:41 +0000] "POST /comment/add?recipeId=604b84bfb39b8e03aa6aa245 HTTP/1.1" 422 102 "-" "PostmanRuntime/7.26.10"
::1 - - [12/Mar/2021:16:59:26 +0000] "POST /comment/add?recipeId=604b84bfb39b8e03aa6aa245 HTTP/1.1" 500 50 "-" "PostmanRuntime/7.26.10"
::1 - - [12/Mar/2021:17:00:09 +0000] "POST /comment/add?recipeId=604b84bfb39b8e03aa6aa245 HTTP/1.1" 500 50 "-" "PostmanRuntime/7.26.10"
::1 - - [12/Mar/2021:17:00:31 +0000] "POST /comment/add?recipeId=604b84bfb39b8e03aa6aa245 HTTP/1.1" 200 118 "-" "PostmanRuntime/7.26.10"
::1 - - [12/Mar/2021:17:00:36 +0000] "GET /comment/list?recipeId=604b84bfb39b8e03aa6aa245 HTTP/1.1" 200 - "-" "PostmanRuntime/7.26.10"
::1 - - [12/Mar/2021:17:01:17 +0000] "POST /comment/add?recipeId=604b84bfb39b8e03aa6aa245 HTTP/1.1" 200 118 "-" "PostmanRuntime/7.26.10"
::1 - - [12/Mar/2021:17:01:20 +0000] "GET /comment/list?recipeId=604b84bfb39b8e03aa6aa245 HTTP/1.1" 200 - "-" "PostmanRuntime/7.26.10"
::1 - - [12/Mar/2021:17:07:53 +0000] "POST /auth/signup HTTP/1.1" 422 149 "-" "PostmanRuntime/7.26.10"
::1 - - [12/Mar/2021:17:08:22 +0000] "POST /auth/login HTTP/1.1" 200 268 "-" "PostmanRuntime/7.26.10"
::1 - - [12/Mar/2021:18:21:53 +0000] "DELETE /recipe/delete?recipeId=604b846cd43b9b0376959149 HTTP/1.1" 500 85 "-" "PostmanRuntime/7.26.10"
::1 - - [12/Mar/2021:18:22:13 +0000] "DELETE /recipe/delete?recipeId=604b846cd43b9b0376959149 HTTP/1.1" 200 710 "-" "PostmanRuntime/7.26.10"
::1 - - [12/Mar/2021:18:23:51 +0000] "DELETE /recipe/delete?recipeId=604b84bfb39b8e03aa6aa245 HTTP/1.1" 200 768 "-" "PostmanRuntime/7.26.10"
::1 - - [12/Mar/2021:18:36:18 +0000] "DELETE /recipe/delete?recipeId=604b84bfb39b8e03aa6aa245 HTTP/1.1" 200 34 "-" "PostmanRuntime/7.26.10"
::1 - - [12/Mar/2021:18:37:37 +0000] "DELETE /recipe/delete?recipeId=604b84bfb39b8e03aa6aa245 HTTP/1.1" 200 34 "-" "PostmanRuntime/7.26.10"
::1 - - [12/Mar/2021:18:37:39 +0000] "DELETE /recipe/delete?recipeId=604b84bfb39b8e03aa6aa245 HTTP/1.1" 200 34 "-" "PostmanRuntime/7.26.10"
::1 - - [12/Mar/2021:18:38:39 +0000] "DELETE /recipe/delete?recipeId=604b84bfb39b8e03aa6aa245 HTTP/1.1" 400 30 "-" "PostmanRuntime/7.26.10"
::1 - - [12/Mar/2021:18:40:36 +0000] "DELETE /recipe/delete?commentId=604b9dee5643290768d5aca8 HTTP/1.1" 401 32 "-" "PostmanRuntime/7.26.10"
::1 - - [12/Mar/2021:18:40:50 +0000] "DELETE /recipe/delete?commentId=604b9dee5643290768d5aca8 HTTP/1.1" 422 103 "-" "PostmanRuntime/7.26.10"
::1 - - [12/Mar/2021:18:41:36 +0000] "DELETE /comment/deleteComment?commentId=604b9dee5643290768d5aca8 HTTP/1.1" 400 31 "-" "PostmanRuntime/7.26.10"
::1 - - [12/Mar/2021:18:42:36 +0000] "DELETE /comment/deleteComment?commentId=604b9dee5643290768d5aca8 HTTP/1.1" 400 31 "-" "PostmanRuntime/7.26.10"
::1 - - [12/Mar/2021:18:43:28 +0000] "DELETE /comment/deleteComment?commentId=604b9dee5643290768d5aca8 HTTP/1.1" 500 53 "-" "PostmanRuntime/7.26.10"
::1 - - [12/Mar/2021:18:44:43 +0000] "DELETE /comment/deleteComment?commentId=604b9dee5643290768d5aca8 HTTP/1.1" 500 66 "-" "PostmanRuntime/7.26.10"
::1 - - [12/Mar/2021:18:45:16 +0000] "DELETE /comment/deleteComment?commentId=604b9dee5643290768d5aca8 HTTP/1.1" 200 335 "-" "PostmanRuntime/7.26.10"
::1 - - [12/Mar/2021:18:45:42 +0000] "DELETE /recipe/delete?recipeId=604b84bfb39b8e03aa6aa245 HTTP/1.1" 400 30 "-" "PostmanRuntime/7.26.10"
::1 - - [12/Mar/2021:18:45:59 +0000] "POST /recipe/create HTTP/1.1" 201 67 "-" "PostmanRuntime/7.26.10"
::1 - - [12/Mar/2021:18:46:10 +0000] "DELETE /recipe/delete?recipeId=604bb6e77dd7a2095caaf40d HTTP/1.1" 200 715 "-" "PostmanRuntime/7.26.10"
::1 - - [12/Mar/2021:18:47:19 +0000] "POST /recipe/create HTTP/1.1" 201 67 "-" "PostmanRuntime/7.26.10"
::1 - - [12/Mar/2021:18:47:39 +0000] "POST /comment/add?recipeId=604bb737b4a3e30972b3298b HTTP/1.1" 200 118 "-" "PostmanRuntime/7.26.10"
::1 - - [12/Mar/2021:18:47:49 +0000] "DELETE /comment/deleteComment?commentId=604bb74bb4a3e30972b3298c HTTP/1.1" 200 330 "-" "PostmanRuntime/7.26.10"
::1 - - [12/Mar/2021:18:47:55 +0000] "POST /comment/add?recipeId=604bb737b4a3e30972b3298b HTTP/1.1" 200 118 "-" "PostmanRuntime/7.26.10"
::1 - - [12/Mar/2021:18:48:14 +0000] "POST /auth/signup HTTP/1.1" 201 63 "-" "PostmanRuntime/7.26.10"
::1 - - [12/Mar/2021:18:48:31 +0000] "POST /auth/login HTTP/1.1" 200 269 "-" "PostmanRuntime/7.26.10"
::1 - - [12/Mar/2021:18:48:56 +0000] "DELETE /comment/deleteComment?commentId=604bb75ab4a3e30972b3298d HTTP/1.1" 500 40 "-" "PostmanRuntime/7.26.10"
::1 - - [12/Mar/2021:18:49:23 +0000] "DELETE /comment/deleteComment?commentId=604bb75ab4a3e30972b3298d HTTP/1.1" 400 56 "-" "PostmanRuntime/7.26.10"
::1 - - [12/Mar/2021:18:51:57 +0000] "POST /recipe/list HTTP/1.1" 500 25 "-" "PostmanRuntime/7.26.10"
::1 - - [12/Mar/2021:18:52:08 +0000] "POST /recipe/list HTTP/1.1" 200 57 "-" "PostmanRuntime/7.26.10"
::1 - - [12/Mar/2021:18:52:36 +0000] "POST /auth/login HTTP/1.1" 200 268 "-" "PostmanRuntime/7.26.10"
::1 - - [12/Mar/2021:18:52:45 +0000] "POST /recipe/list HTTP/1.1" 200 57 "-" "PostmanRuntime/7.26.10"
::1 - - [12/Mar/2021:18:56:14 +0000] "POST /recipe/list HTTP/1.1" 200 57 "-" "PostmanRuntime/7.26.10"
::1 - - [12/Mar/2021:18:56:18 +0000] "POST /auth/login HTTP/1.1" 200 268 "-" "PostmanRuntime/7.26.10"
::1 - - [12/Mar/2021:18:57:43 +0000] "POST /recipe/list HTTP/1.1" 200 57 "-" "PostmanRuntime/7.26.10"
::1 - - [12/Mar/2021:19:02:34 +0000] "POST /recipe/list HTTP/1.1" 200 57 "-" "PostmanRuntime/7.26.10"
::1 - - [12/Mar/2021:19:06:03 +0000] "POST /recipe/list HTTP/1.1" 200 57 "-" "PostmanRuntime/7.26.10"
::1 - - [12/Mar/2021:19:06:12 +0000] "POST /recipe/list HTTP/1.1" 200 780 "-" "PostmanRuntime/7.26.10"
::1 - - [12/Mar/2021:19:13:22 +0000] "POST /recipe/list HTTP/1.1" 200 57 "-" "PostmanRuntime/7.26.10"
::1 - - [12/Mar/2021:19:14:05 +0000] "POST /recipe/list HTTP/1.1" 200 57 "-" "PostmanRuntime/7.26.10"
::1 - - [12/Mar/2021:19:15:11 +0000] "POST /recipe/list HTTP/1.1" 200 57 "-" "PostmanRuntime/7.26.10"
::1 - - [12/Mar/2021:19:16:51 +0000] "POST /recipe/list HTTP/1.1" 200 57 "-" "PostmanRuntime/7.26.10"
::1 - - [12/Mar/2021:19:16:58 +0000] "POST /recipe/list HTTP/1.1" 200 780 "-" "PostmanRuntime/7.26.10"
::1 - - [12/Mar/2021:19:18:00 +0000] "POST /recipe/list HTTP/1.1" 500 49 "-" "PostmanRuntime/7.26.10"
::1 - - [12/Mar/2021:19:18:34 +0000] "POST /recipe/list HTTP/1.1" 200 780 "-" "PostmanRuntime/7.26.10"
::1 - - [12/Mar/2021:19:19:53 +0000] "POST /recipe/list HTTP/1.1" 200 780 "-" "PostmanRuntime/7.26.10"
::1 - - [12/Mar/2021:19:26:19 +0000] "GET /recipe/details?recipeId=604bb737b4a3e30972b3298b HTTP/1.1" 404 153 "-" "PostmanRuntime/7.26.10"
::1 - - [12/Mar/2021:19:27:53 +0000] "GET /recipe/details?recipeId=604bb737b4a3e30972b3298b HTTP/1.1" 200 775 "-" "PostmanRuntime/7.26.10"
::1 - - [12/Mar/2021:19:34:16 +0000] "GET /recipe/details?recipeId=604bb737b4a3e30972b3298b HTTP/1.1" 200 775 "-" "PostmanRuntime/7.26.10"
::1 - - [12/Mar/2021:19:34:32 +0000] "POST /recipe/list HTTP/1.1" 200 780 "-" "PostmanRuntime/7.26.10"
::1 - - [12/Mar/2021:19:37:44 +0000] "POST /recipe/list HTTP/1.1" 200 780 "-" "PostmanRuntime/7.26.10"
::1 - - [12/Mar/2021:19:37:47 +0000] "GET /recipe/details?recipeId=604bb737b4a3e30972b3298b HTTP/1.1" 200 775 "-" "PostmanRuntime/7.26.10"
::1 - - [12/Mar/2021:19:38:44 +0000] "POST /comment/add?recipeId=604bb737b4a3e30972b3298b HTTP/1.1" 500 25 "-" "PostmanRuntime/7.26.10"
::1 - - [12/Mar/2021:19:38:54 +0000] "POST /comment/add?recipeId=604bb737b4a3e30972b3298b HTTP/1.1" 200 118 "-" "PostmanRuntime/7.26.10"
::1 - - [12/Mar/2021:19:38:58 +0000] "GET /recipe/details?recipeId=604bb737b4a3e30972b3298b HTTP/1.1" 200 802 "-" "PostmanRuntime/7.26.10"
::1 - - [12/Mar/2021:19:39:47 +0000] "POST /recipe/create HTTP/1.1" 201 67 "-" "PostmanRuntime/7.26.10"
::1 - - [12/Mar/2021:19:39:56 +0000] "POST /comment/add?recipeId=604bc383371cb60af6972cd7 HTTP/1.1" 200 118 "-" "PostmanRuntime/7.26.10"
::1 - - [12/Mar/2021:19:40:00 +0000] "GET /recipe/details?recipeId=604bb737b4a3e30972b3298b HTTP/1.1" 400 30 "-" "PostmanRuntime/7.26.10"
::1 - - [12/Mar/2021:19:40:05 +0000] "POST /recipe/list HTTP/1.1" 200 753 "-" "PostmanRuntime/7.26.10"
::1 - - [12/Mar/2021:19:40:15 +0000] "GET /recipe/details?recipeId=604bc383371cb60af6972cd7 HTTP/1.1" 200 748 "-" "PostmanRuntime/7.26.10"
::1 - - [12/Mar/2021:19:44:48 +0000] "GET /recipe/details?recipeId=604bc383371cb60af6972cd7 HTTP/1.1" 200 54 "-" "PostmanRuntime/7.26.10"
::1 - - [12/Mar/2021:19:45:16 +0000] "GET /recipe/details?recipeId=604bc383371cb60af6972cd7 HTTP/1.1" 200 1005 "-" "PostmanRuntime/7.26.10"
::1 - - [12/Mar/2021:19:46:46 +0000] "GET /recipe/details?recipeId=604bc383371cb60af6972cd7 HTTP/1.1" 200 1005 "-" "PostmanRuntime/7.26.10"
::1 - - [12/Mar/2021:19:47:26 +0000] "POST /comment/addReaction HTTP/1.1" 500 25 "-" "PostmanRuntime/7.26.10"
::1 - - [12/Mar/2021:19:47:37 +0000] "POST /comment/addReaction HTTP/1.1" 500 54 "-" "PostmanRuntime/7.26.10"
::1 - - [12/Mar/2021:19:49:16 +0000] "POST /comment/addReaction HTTP/1.1" 200 337 "-" "PostmanRuntime/7.26.10"
::1 - - [12/Mar/2021:19:49:30 +0000] "GET /recipe/details?recipeId=604bc383371cb60af6972cd7 HTTP/1.1" 200 - "-" "PostmanRuntime/7.26.10"
::1 - - [12/Mar/2021:19:49:46 +0000] "POST /comment/addReaction HTTP/1.1" 200 337 "-" "PostmanRuntime/7.26.10"
::1 - - [12/Mar/2021:19:50:00 +0000] "GET /recipe/details?recipeId=604bc383371cb60af6972cd7 HTTP/1.1" 200 - "-" "PostmanRuntime/7.26.10"
::1 - - [12/Mar/2021:19:50:36 +0000] "POST /comment/addReaction HTTP/1.1" 200 337 "-" "PostmanRuntime/7.26.10"
::1 - - [12/Mar/2021:19:50:43 +0000] "GET /recipe/details?recipeId=604bc383371cb60af6972cd7 HTTP/1.1" 200 - "-" "PostmanRuntime/7.26.10"
::1 - - [12/Mar/2021:19:50:56 +0000] "POST /comment/addReaction HTTP/1.1" 200 332 "-" "PostmanRuntime/7.26.10"
::1 - - [12/Mar/2021:19:50:59 +0000] "GET /recipe/details?recipeId=604bc383371cb60af6972cd7 HTTP/1.1" 200 - "-" "PostmanRuntime/7.26.10"
::1 - - [12/Mar/2021:19:51:36 +0000] "GET /comment/details?commentId=604bc38c371cb60af6972cd8 HTTP/1.1" 500 25 "-" "PostmanRuntime/7.26.10"
::1 - - [12/Mar/2021:19:51:48 +0000] "GET /comment/details?commentId=604bc38c371cb60af6972cd8 HTTP/1.1" 200 - "-" "PostmanRuntime/7.26.10"
::1 - - [12/Mar/2021:19:52:48 +0000] "GET /recipe/details?recipeId=604bc383371cb60af6972cd7 HTTP/1.1" 200 - "-" "PostmanRuntime/7.26.10"
::1 - - [12/Mar/2021:19:53:54 +0000] "GET /recipe/details?recipeId=604bc383371cb60af6972cd7 HTTP/1.1" 200 - "-" "PostmanRuntime/7.26.10"
::1 - - [12/Mar/2021:19:56:41 +0000] "GET /recipe/details?recipeId=604bc383371cb60af6972cd7 HTTP/1.1" 200 - "-" "PostmanRuntime/7.26.10"
::1 - - [12/Mar/2021:19:57:18 +0000] "DELETE /comment/deleteReaction?reactionId=604bc60c1f3e870b61698651 HTTP/1.1" 422 166 "-" "PostmanRuntime/7.26.10"
::1 - - [12/Mar/2021:19:57:56 +0000] "DELETE /comment/deleteReaction?reactionId=604bc60c1f3e870b61698651 HTTP/1.1" 400 31 "-" "PostmanRuntime/7.26.10"
::1 - - [12/Mar/2021:19:58:35 +0000] "DELETE /comment/deleteReaction?reactionId=604bc60c1f3e870b61698651 HTTP/1.1" 422 166 "-" "PostmanRuntime/7.26.10"
::1 - - [12/Mar/2021:19:59:33 +0000] "DELETE /comment/deleteReaction?reactionId=604bc60c1f3e870b61698651&commentId=604bc38c371cb60af6972cd8&recipeId=604bc383371cb60af6972cd7 HTTP/1.1" 200 356 "-" "PostmanRuntime/7.26.10"
::1 - - [12/Mar/2021:19:59:50 +0000] "GET /recipe/details?recipeId=604bc383371cb60af6972cd7 HTTP/1.1" 200 722 "-" "PostmanRuntime/7.26.10"
::1 - - [12/Mar/2021:20:15:13 +0000] "DELETE /comment/deleteReaction?reactionId=604bc60c1f3e870b61698651&commentId=604bc38c371cb60af6972cd8&recipeId=604bc383371cb60af6972cd7 HTTP/1.1" 422 111 "-" "PostmanRuntime/7.26.10"
::1 - - [12/Mar/2021:20:15:36 +0000] "DELETE /comment/deleteReaction?reactionId=604bc60c1f3e870b61698651&commentId=604bc38c371cb60af6972cd8&recipeId=604bc383371cb60af6972cd7 HTTP/1.1" 500 54 "-" "PostmanRuntime/7.26.10"
::1 - - [12/Mar/2021:20:16:11 +0000] "POST /comment/add?recipeId=604bc383371cb60af6972cd7 HTTP/1.1" 200 118 "-" "PostmanRuntime/7.26.10"
::1 - - [12/Mar/2021:20:16:24 +0000] "GET /recipe/details?recipeId=604bc383371cb60af6972cd7 HTTP/1.1" 200 1005 "-" "PostmanRuntime/7.26.10"
::1 - - [12/Mar/2021:20:17:01 +0000] "POST /comment/addReaction HTTP/1.1" 200 331 "-" "PostmanRuntime/7.26.10"
::1 - - [12/Mar/2021:20:17:07 +0000] "GET /recipe/details?recipeId=604bc383371cb60af6972cd7 HTTP/1.1" 200 1005 "-" "PostmanRuntime/7.26.10"
::1 - - [12/Mar/2021:20:17:25 +0000] "POST /comment/addReaction HTTP/1.1" 200 331 "-" "PostmanRuntime/7.26.10"
::1 - - [12/Mar/2021:20:17:35 +0000] "GET /recipe/details?recipeId=604bc383371cb60af6972cd7 HTTP/1.1" 200 1005 "-" "PostmanRuntime/7.26.10"
::1 - - [12/Mar/2021:20:18:57 +0000] "POST /comment/addReaction HTTP/1.1" 200 331 "-" "PostmanRuntime/7.26.10"
::1 - - [12/Mar/2021:20:19:11 +0000] "POST /comment/addReaction HTTP/1.1" 200 331 "-" "PostmanRuntime/7.26.10"
::1 - - [12/Mar/2021:20:19:14 +0000] "GET /recipe/details?recipeId=604bc383371cb60af6972cd7 HTTP/1.1" 200 - "-" "PostmanRuntime/7.26.10"
::1 - - [12/Mar/2021:20:20:42 +0000] "POST /comment/addReaction HTTP/1.1" 200 331 "-" "PostmanRuntime/7.26.10"
::1 - - [12/Mar/2021:20:21:05 +0000] "POST /comment/addReaction HTTP/1.1" 200 40 "-" "PostmanRuntime/7.26.10"
::1 - - [12/Mar/2021:20:21:18 +0000] "POST /comment/addReaction HTTP/1.1" 200 331 "-" "PostmanRuntime/7.26.10"
::1 - - [12/Mar/2021:20:21:21 +0000] "GET /recipe/details?recipeId=604bc383371cb60af6972cd7 HTTP/1.1" 200 - "-" "PostmanRuntime/7.26.10"
::1 - - [12/Mar/2021:20:21:44 +0000] "POST /comment/addReaction HTTP/1.1" 200 331 "-" "PostmanRuntime/7.26.10"
::1 - - [12/Mar/2021:20:21:47 +0000] "GET /recipe/details?recipeId=604bc383371cb60af6972cd7 HTTP/1.1" 200 - "-" "PostmanRuntime/7.26.10"
::1 - - [12/Mar/2021:20:24:34 +0000] "DELETE /comment/deleteReaction?reactionId=604bcd58eb0a1b0c761d18c0&commentId=604bcc0a8e8d530c43d37d64&recipeId=604bc383371cb60af6972cd7 HTTP/1.1" - - "-" "PostmanRuntime/7.26.10"
::1 - - [12/Mar/2021:20:25:24 +0000] "DELETE /comment/deleteReaction?reactionId=604bcd58eb0a1b0c761d18c0&commentId=604bcc0a8e8d530c43d37d64&recipeId=604bc383371cb60af6972cd7 HTTP/1.1" 400 361 "-" "PostmanRuntime/7.26.10"
::1 - - [12/Mar/2021:20:25:40 +0000] "GET /recipe/details?recipeId=604bc383371cb60af6972cd7 HTTP/1.1" 200 1005 "-" "PostmanRuntime/7.26.10"
::1 - - [12/Mar/2021:20:27:05 +0000] "POST /comment/add?recipeId=604bc383371cb60af6972cd7 HTTP/1.1" 200 118 "-" "PostmanRuntime/7.26.10"
::1 - - [12/Mar/2021:20:27:18 +0000] "GET /recipe/details?recipeId=604bc383371cb60af6972cd7 HTTP/1.1" 200 - "-" "PostmanRuntime/7.26.10"
::1 - - [12/Mar/2021:20:27:32 +0000] "POST /comment/addReaction HTTP/1.1" 200 331 "-" "PostmanRuntime/7.26.10"
::1 - - [12/Mar/2021:20:28:08 +0000] "GET /recipe/details?recipeId=604bc383371cb60af6972cd7 HTTP/1.1" 200 - "-" "PostmanRuntime/7.26.10"
::1 - - [12/Mar/2021:20:28:16 +0000] "POST /comment/addReaction HTTP/1.1" 200 331 "-" "PostmanRuntime/7.26.10"
::1 - - [12/Mar/2021:20:28:22 +0000] "GET /recipe/details?recipeId=604bc383371cb60af6972cd7 HTTP/1.1" 200 - "-" "PostmanRuntime/7.26.10"
::1 - - [12/Mar/2021:20:28:39 +0000] "POST /comment/addReaction HTTP/1.1" 200 331 "-" "PostmanRuntime/7.26.10"
::1 - - [12/Mar/2021:20:28:43 +0000] "GET /recipe/details?recipeId=604bc383371cb60af6972cd7 HTTP/1.1" 200 - "-" "PostmanRuntime/7.26.10"
::1 - - [12/Mar/2021:20:29:45 +0000] "DELETE /comment/deleteReaction?reactionId=604bcef74e9b640cfc32ad1b&commentId=604bcc0a8e8d530c43d37d64&recipeId=604bc383371cb60af6972cd7 HTTP/1.1" 400 335 "-" "PostmanRuntime/7.26.10"
::1 - - [12/Mar/2021:20:29:54 +0000] "GET /recipe/details?recipeId=604bc383371cb60af6972cd7 HTTP/1.1" 200 - "-" "PostmanRuntime/7.26.10"
::1 - - [12/Mar/2021:20:30:02 +0000] "POST /comment/addReaction HTTP/1.1" 200 331 "-" "PostmanRuntime/7.26.10"
::1 - - [12/Mar/2021:20:30:04 +0000] "GET /recipe/details?recipeId=604bc383371cb60af6972cd7 HTTP/1.1" 200 - "-" "PostmanRuntime/7.26.10"
::1 - - [12/Mar/2021:20:30:20 +0000] "POST /comment/addReaction HTTP/1.1" 200 331 "-" "PostmanRuntime/7.26.10"
::1 - - [12/Mar/2021:20:30:24 +0000] "GET /recipe/details?recipeId=604bc383371cb60af6972cd7 HTTP/1.1" 200 - "-" "PostmanRuntime/7.26.10"
::1 - - [12/Mar/2021:20:31:12 +0000] "DELETE /comment/deleteReaction?reactionId=604bcf5c4e9b640cfc32ad1f&commentId=604bcc0a8e8d530c43d37d64&recipeId=604bc383371cb60af6972cd7&parentReactionId=604bcf494e9b640cfc32ad1d HTTP/1.1" 400 330 "-" "PostmanRuntime/7.26.10"
::1 - - [12/Mar/2021:20:31:15 +0000] "GET /recipe/details?recipeId=604bc383371cb60af6972cd7 HTTP/1.1" 200 - "-" "PostmanRuntime/7.26.10"
::1 - - [12/Mar/2021:20:46:55 +0000] "GET /comment/details?commentId=604bc38c371cb60af6972cd8 HTTP/1.1" 400 31 "-" "PostmanRuntime/7.26.10"
::1 - - [12/Mar/2021:20:47:06 +0000] "GET /comment/details?commentId=604bcc0a8e8d530c43d37d64 HTTP/1.1" 200 - "-" "PostmanRuntime/7.26.10"
::1 - - [12/Mar/2021:20:47:23 +0000] "GET /recipe/details?recipeId=604bc383371cb60af6972cd7 HTTP/1.1" 200 - "-" "PostmanRuntime/7.26.10"
::1 - - [12/Mar/2021:20:48:02 +0000] "POST /comment/addReaction HTTP/1.1" 200 331 "-" "PostmanRuntime/7.26.10"
::1 - - [12/Mar/2021:20:48:05 +0000] "GET /recipe/details?recipeId=604bc383371cb60af6972cd7 HTTP/1.1" 200 - "-" "PostmanRuntime/7.26.10"
::1 - - [12/Mar/2021:20:48:33 +0000] "DELETE /comment/deleteComment?commentId=604bcc0a8e8d530c43d37d64 HTTP/1.1" 400 56 "-" "PostmanRuntime/7.26.10"
::1 - - [12/Mar/2021:20:48:50 +0000] "DELETE /comment/deleteComment?commentId=604bcc0a8e8d530c43d37d64 HTTP/1.1" 500 39 "-" "PostmanRuntime/7.26.10"
::1 - - [12/Mar/2021:20:52:33 +0000] "GET /recipe/details?recipeId=604bc383371cb60af6972cd7 HTTP/1.1" 200 - "-" "PostmanRuntime/7.26.10"
::1 - - [12/Mar/2021:20:52:39 +0000] "DELETE /comment/deleteComment?commentId=604bcc0a8e8d530c43d37d64 HTTP/1.1" 500 46 "-" "PostmanRuntime/7.26.10"
::1 - - [12/Mar/2021:20:56:48 +0000] "GET /recipe/details?recipeId=604bc383371cb60af6972cd7 HTTP/1.1" 200 - "-" "PostmanRuntime/7.26.10"
::1 - - [12/Mar/2021:20:56:52 +0000] "DELETE /comment/deleteComment?commentId=604bcc0a8e8d530c43d37d64 HTTP/1.1" 500 521 "-" "PostmanRuntime/7.26.10"
::1 - - [12/Mar/2021:20:56:58 +0000] "GET /recipe/details?recipeId=604bc383371cb60af6972cd7 HTTP/1.1" 200 - "-" "PostmanRuntime/7.26.10"
::1 - - [12/Mar/2021:20:59:03 +0000] "GET /recipe/details?recipeId=604bc383371cb60af6972cd7 HTTP/1.1" 200 - "-" "PostmanRuntime/7.26.10"
::1 - - [12/Mar/2021:20:59:08 +0000] "DELETE /comment/deleteComment?commentId=604bcc0a8e8d530c43d37d64 HTTP/1.1" 200 356 "-" "PostmanRuntime/7.26.10"
::1 - - [12/Mar/2021:20:59:13 +0000] "GET /recipe/details?recipeId=604bc383371cb60af6972cd7 HTTP/1.1" 200 1005 "-" "PostmanRuntime/7.26.10"
::1 - - [12/Mar/2021:21:46:53 +0000] "GET /recipe/details?recipeId=604bc383371cb60af6972cd7 HTTP/1.1" 200 1005 "-" "PostmanRuntime/7.26.10"
::1 - - [13/Mar/2021:08:21:17 +0000] "POST /auth/login HTTP/1.1" 200 268 "-" "PostmanRuntime/7.26.10"
::1 - - [13/Mar/2021:08:22:02 +0000] "GET /recipe/featured HTTP/1.1" 200 64 "-" "PostmanRuntime/7.26.10"
::1 - - [13/Mar/2021:08:23:22 +0000] "POST /recipe/create HTTP/1.1" 201 67 "-" "PostmanRuntime/7.26.10"
::1 - - [13/Mar/2021:08:23:23 +0000] "POST /recipe/create HTTP/1.1" 201 67 "-" "PostmanRuntime/7.26.10"
::1 - - [13/Mar/2021:08:23:24 +0000] "POST /recipe/create HTTP/1.1" 201 67 "-" "PostmanRuntime/7.26.10"
::1 - - [13/Mar/2021:08:23:24 +0000] "POST /recipe/create HTTP/1.1" 201 67 "-" "PostmanRuntime/7.26.10"
::1 - - [13/Mar/2021:08:23:25 +0000] "POST /recipe/create HTTP/1.1" 201 67 "-" "PostmanRuntime/7.26.10"
::1 - - [13/Mar/2021:08:23:28 +0000] "GET /recipe/featured HTTP/1.1" 200 - "-" "PostmanRuntime/7.26.10"
::1 - - [13/Mar/2021:08:24:47 +0000] "POST /recipe/create HTTP/1.1" 201 67 "-" "PostmanRuntime/7.26.10"
::1 - - [13/Mar/2021:08:24:49 +0000] "GET /recipe/featured HTTP/1.1" 200 - "-" "PostmanRuntime/7.26.10"
::1 - - [13/Mar/2021:08:28:27 +0000] "GET /recipe/featured HTTP/1.1" 200 - "-" "PostmanRuntime/7.26.10"
::1 - - [13/Mar/2021:08:29:09 +0000] "POST /recipe/list HTTP/1.1" 200 - "-" "PostmanRuntime/7.26.10"
